当前时间：2019/12/27 9:02:51
异常信息：Operation time out.
Please check the camera power and its cable.
异常对象：XJaiLT400CL Control
调用堆栈：
在 System.RuntimeType.ForwardCallToInvokeMember(String memberName, BindingFlags flags, Object target, Int32[] aWrapperTypes, MessageData& msgData)
   在 XJaiLT400CLLib._DXJaiLT400CL.StartCommunication(Int32 nClass, Int32 nPort)
   在 AxXJaiLT400CLLib.AxXJaiLT400CL.StartCommunication(Int32 nClass, Int32 nPort)
   在 DALSA.SaperaLT.Demos.NET.CSharp.MultiBoardSyncGrabDemo.MultiBoardSyncGrabDemoDlg..ctor() 位置 E:\1DM\东蒙1911051\MultiBoardSyncGrabDemoDlg.cs:行号 1458
触发方法：System.Object ForwardCallToInvokeMember(System.String, System.Reflection.BindingFlags, System.Object, Int32[], System.Runtime.Remoting.Proxies.MessageData ByRef)

当前时间：2019/12/27 9:02:56
异常信息：Operation time out.
Please check the camera power and its cable.
异常对象：XJaiLT400CL Control
调用堆栈：
在 System.RuntimeType.ForwardCallToInvokeMember(String memberName, BindingFlags flags, Object target, Int32[] aWrapperTypes, MessageData& msgData)
   在 XJaiLT400CLLib._DXJaiLT400CL.StartCommunication(Int32 nClass, Int32 nPort)
   在 AxXJaiLT400CLLib.AxXJaiLT400CL.StartCommunication(Int32 nClass, Int32 nPort)
   在 DALSA.SaperaLT.Demos.NET.CSharp.MultiBoardSyncGrabDemo.MultiBoardSyncGrabDemoDlg..ctor() 位置 E:\1DM\东蒙1911051\MultiBoardSyncGrabDemoDlg.cs:行号 1488
触发方法：System.Object ForwardCallToInvokeMember(System.String, System.Reflection.BindingFlags, System.Object, Int32[], System.Runtime.Remoting.Proxies.MessageData ByRef)

当前时间：2019/12/27 9:02:56
异常信息：端口“COM3”不存在。
异常对象：System
调用堆栈：
在 System.IO.Ports.InternalResources.WinIOError(Int32 errorCode, String str)
   在 System.IO.Ports.SerialStream..ctor(String portName, Int32 baudRate, Parity parity, Int32 dataBits, StopBits stopBits, Int32 readTimeout, Int32 writeTimeout, Handshake handshake, Boolean dtrEnable, Boolean rtsEnable, Boolean discardNull, Byte parityReplace)
   在 System.IO.Ports.SerialPort.Open()
   在 DALSA.SaperaLT.Demos.NET.CSharp.MultiBoardSyncGrabDemo.MultiBoardSyncGrabDemoDlg.MultiBoardSyncGrabDemoDlg_Load(Object sender, EventArgs e) 位置 E:\1DM\东蒙1911051\MultiBoardSyncGrabDemoDlg.cs:行号 4204
触发方法：Void WinIOError(Int32, System.String)

当前时间：2019/12/27 9:28:19
异常信息：Operation time out.
Please check the camera power and its cable.
异常对象：XJaiLT400CL Control
调用堆栈：
在 System.RuntimeType.ForwardCallToInvokeMember(String memberName, BindingFlags flags, Object target, Int32[] aWrapperTypes, MessageData& msgData)
   在 XJaiLT400CLLib._DXJaiLT400CL.StartCommunication(Int32 nClass, Int32 nPort)
   在 AxXJaiLT400CLLib.AxXJaiLT400CL.StartCommunication(Int32 nClass, Int32 nPort)
   在 DALSA.SaperaLT.Demos.NET.CSharp.MultiBoardSyncGrabDemo.MultiBoardSyncGrabDemoDlg..ctor() 位置 E:\1DM\东蒙1911051\MultiBoardSyncGrabDemoDlg.cs:行号 1458
触发方法：System.Object ForwardCallToInvokeMember(System.String, System.Reflection.BindingFlags, System.Object, Int32[], System.Runtime.Remoting.Proxies.MessageData ByRef)

当前时间：2019/12/27 9:28:22
异常信息：Operation time out.
Please check the camera power and its cable.
异常对象：XJaiLT400CL Control
调用堆栈：
在 System.RuntimeType.ForwardCallToInvokeMember(String memberName, BindingFlags flags, Object target, Int32[] aWrapperTypes, MessageData& msgData)
   在 XJaiLT400CLLib._DXJaiLT400CL.StartCommunication(Int32 nClass, Int32 nPort)
   在 AxXJaiLT400CLLib.AxXJaiLT400CL.StartCommunication(Int32 nClass, Int32 nPort)
   在 DALSA.SaperaLT.Demos.NET.CSharp.MultiBoardSyncGrabDemo.MultiBoardSyncGrabDemoDlg..ctor() 位置 E:\1DM\东蒙1911051\MultiBoardSyncGrabDemoDlg.cs:行号 1488
触发方法：System.Object ForwardCallToInvokeMember(System.String, System.Reflection.BindingFlags, System.Object, Int32[], System.Runtime.Remoting.Proxies.MessageData ByRef)

当前时间：2019/12/27 9:28:23
异常信息：端口“COM3”不存在。
异常对象：System
调用堆栈：
在 System.IO.Ports.InternalResources.WinIOError(Int32 errorCode, String str)
   在 System.IO.Ports.SerialStream..ctor(String portName, Int32 baudRate, Parity parity, Int32 dataBits, StopBits stopBits, Int32 readTimeout, Int32 writeTimeout, Handshake handshake, Boolean dtrEnable, Boolean rtsEnable, Boolean discardNull, Byte parityReplace)
   在 System.IO.Ports.SerialPort.Open()
   在 DALSA.SaperaLT.Demos.NET.CSharp.MultiBoardSyncGrabDemo.MultiBoardSyncGrabDemoDlg.MultiBoardSyncGrabDemoDlg_Load(Object sender, EventArgs e) 位置 E:\1DM\东蒙1911051\MultiBoardSyncGrabDemoDlg.cs:行号 4204
触发方法：Void WinIOError(Int32, System.String)

当前时间：2019/12/27 9:37:23
异常信息：Operation time out.
Please check the camera power and its cable.
异常对象：XJaiLT400CL Control
调用堆栈：
在 System.RuntimeType.ForwardCallToInvokeMember(String memberName, BindingFlags flags, Object target, Int32[] aWrapperTypes, MessageData& msgData)
   在 XJaiLT400CLLib._DXJaiLT400CL.StartCommunication(Int32 nClass, Int32 nPort)
   在 AxXJaiLT400CLLib.AxXJaiLT400CL.StartCommunication(Int32 nClass, Int32 nPort)
   在 DALSA.SaperaLT.Demos.NET.CSharp.MultiBoardSyncGrabDemo.MultiBoardSyncGrabDemoDlg..ctor() 位置 E:\1DM\东蒙1911051\MultiBoardSyncGrabDemoDlg.cs:行号 1458
触发方法：System.Object ForwardCallToInvokeMember(System.String, System.Reflection.BindingFlags, System.Object, Int32[], System.Runtime.Remoting.Proxies.MessageData ByRef)

当前时间：2019/12/27 9:37:29
异常信息：Operation time out.
Please check the camera power and its cable.
异常对象：XJaiLT400CL Control
调用堆栈：
在 System.RuntimeType.ForwardCallToInvokeMember(String memberName, BindingFlags flags, Object target, Int32[] aWrapperTypes, MessageData& msgData)
   在 XJaiLT400CLLib._DXJaiLT400CL.StartCommunication(Int32 nClass, Int32 nPort)
   在 AxXJaiLT400CLLib.AxXJaiLT400CL.StartCommunication(Int32 nClass, Int32 nPort)
   在 DALSA.SaperaLT.Demos.NET.CSharp.MultiBoardSyncGrabDemo.MultiBoardSyncGrabDemoDlg..ctor() 位置 E:\1DM\东蒙1911051\MultiBoardSyncGrabDemoDlg.cs:行号 1488
触发方法：System.Object ForwardCallToInvokeMember(System.String, System.Reflection.BindingFlags, System.Object, Int32[], System.Runtime.Remoting.Proxies.MessageData ByRef)

当前时间：2019/12/27 9:37:31
异常信息：端口“COM3”不存在。
异常对象：System
调用堆栈：
在 System.IO.Ports.InternalResources.WinIOError(Int32 errorCode, String str)
   在 System.IO.Ports.SerialStream..ctor(String portName, Int32 baudRate, Parity parity, Int32 dataBits, StopBits stopBits, Int32 readTimeout, Int32 writeTimeout, Handshake handshake, Boolean dtrEnable, Boolean rtsEnable, Boolean discardNull, Byte parityReplace)
   在 System.IO.Ports.SerialPort.Open()
   在 DALSA.SaperaLT.Demos.NET.CSharp.MultiBoardSyncGrabDemo.MultiBoardSyncGrabDemoDlg.MultiBoardSyncGrabDemoDlg_Load(Object sender, EventArgs e) 位置 E:\1DM\东蒙1911051\MultiBoardSyncGrabDemoDlg.cs:行号 4204
触发方法：Void WinIOError(Int32, System.String)

当前时间：2019/12/27 9:37:58
异常信息：Duplicate entry '' for key 'PRIMARY'
异常对象：MySql.Data
调用堆栈：
在 MySql.Data.MySqlClient.MySqlStream.ReadPacket()
   在 MySql.Data.MySqlClient.NativeDriver.GetResult(Int32& affectedRow, Int64& insertedId)
   在 MySql.Data.MySqlClient.Driver.NextResult(Int32 statementId, Boolean force)
   在 MySql.Data.MySqlClient.MySqlDataReader.NextResult()
   在 MySql.Data.MySqlClient.MySqlCommand.ExecuteReader(CommandBehavior behavior)
   在 MySql.Data.MySqlClient.MySqlCommand.ExecuteNonQuery()
   在 DALSA.SaperaLT.Demos.NET.CSharp.MultiBoardSyncGrabDemo.MultiBoardSyncGrabDemoDlg.ExecuteBatchSql(List`1 SQLStringList) 位置 E:\1DM\东蒙1911051\MultiBoardSyncGrabDemoDlg.cs:行号 5634
触发方法：MySql.Data.MySqlClient.MySqlPacket ReadPacket()

