当前时间：2019/11/3 15:10:01
异常信息：端口“COM3”不存在。
异常对象：System
调用堆栈：
在 System.IO.Ports.InternalResources.WinIOError(Int32 errorCode, String str)
   在 System.IO.Ports.SerialStream..ctor(String portName, Int32 baudRate, Parity parity, Int32 dataBits, StopBits stopBits, Int32 readTimeout, Int32 writeTimeout, Handshake handshake, Boolean dtrEnable, Boolean rtsEnable, Boolean discardNull, Byte parityReplace)
   在 System.IO.Ports.SerialPort.Open()
   在 DALSA.SaperaLT.Demos.NET.CSharp.MultiBoardSyncGrabDemo.MultiBoardSyncGrabDemoDlg.MultiBoardSyncGrabDemoDlg_Load(Object sender, EventArgs e) 位置 E:\1DM\东蒙191029\MultiBoardSyncGrabDemoDlg.cs:行号 4091
触发方法：Void WinIOError(Int32, System.String)

当前时间：2019/11/3 15:12:08
异常信息：端口“COM3”不存在。
异常对象：System
调用堆栈：
在 System.IO.Ports.InternalResources.WinIOError(Int32 errorCode, String str)
   在 System.IO.Ports.SerialStream..ctor(String portName, Int32 baudRate, Parity parity, Int32 dataBits, StopBits stopBits, Int32 readTimeout, Int32 writeTimeout, Handshake handshake, Boolean dtrEnable, Boolean rtsEnable, Boolean discardNull, Byte parityReplace)
   在 System.IO.Ports.SerialPort.Open()
   在 DALSA.SaperaLT.Demos.NET.CSharp.MultiBoardSyncGrabDemo.MultiBoardSyncGrabDemoDlg.MultiBoardSyncGrabDemoDlg_Load(Object sender, EventArgs e) 位置 E:\1DM\东蒙191029\MultiBoardSyncGrabDemoDlg.cs:行号 4091
触发方法：Void WinIOError(Int32, System.String)

当前时间：2019/11/3 15:53:29
异常信息：端口“COM3”不存在。
异常对象：System
调用堆栈：
在 System.IO.Ports.InternalResources.WinIOError(Int32 errorCode, String str)
   在 System.IO.Ports.SerialStream..ctor(String portName, Int32 baudRate, Parity parity, Int32 dataBits, StopBits stopBits, Int32 readTimeout, Int32 writeTimeout, Handshake handshake, Boolean dtrEnable, Boolean rtsEnable, Boolean discardNull, Byte parityReplace)
   在 System.IO.Ports.SerialPort.Open()
   在 DALSA.SaperaLT.Demos.NET.CSharp.MultiBoardSyncGrabDemo.MultiBoardSyncGrabDemoDlg.MultiBoardSyncGrabDemoDlg_Load(Object sender, EventArgs e) 位置 E:\1DM\东蒙191029\MultiBoardSyncGrabDemoDlg.cs:行号 4093
触发方法：Void WinIOError(Int32, System.String)

当前时间：2019/11/3 15:59:47
异常信息：端口“COM3”不存在。
异常对象：System
调用堆栈：
在 System.IO.Ports.InternalResources.WinIOError(Int32 errorCode, String str)
   在 System.IO.Ports.SerialStream..ctor(String portName, Int32 baudRate, Parity parity, Int32 dataBits, StopBits stopBits, Int32 readTimeout, Int32 writeTimeout, Handshake handshake, Boolean dtrEnable, Boolean rtsEnable, Boolean discardNull, Byte parityReplace)
   在 System.IO.Ports.SerialPort.Open()
   在 DALSA.SaperaLT.Demos.NET.CSharp.MultiBoardSyncGrabDemo.MultiBoardSyncGrabDemoDlg.MultiBoardSyncGrabDemoDlg_Load(Object sender, EventArgs e) 位置 E:\1DM\东蒙191029\MultiBoardSyncGrabDemoDlg.cs:行号 4093
触发方法：Void WinIOError(Int32, System.String)

当前时间：2019/11/3 16:03:16
异常信息：端口“COM3”不存在。
异常对象：System
调用堆栈：
在 System.IO.Ports.InternalResources.WinIOError(Int32 errorCode, String str)
   在 System.IO.Ports.SerialStream..ctor(String portName, Int32 baudRate, Parity parity, Int32 dataBits, StopBits stopBits, Int32 readTimeout, Int32 writeTimeout, Handshake handshake, Boolean dtrEnable, Boolean rtsEnable, Boolean discardNull, Byte parityReplace)
   在 System.IO.Ports.SerialPort.Open()
   在 DALSA.SaperaLT.Demos.NET.CSharp.MultiBoardSyncGrabDemo.MultiBoardSyncGrabDemoDlg.MultiBoardSyncGrabDemoDlg_Load(Object sender, EventArgs e) 位置 E:\1DM\东蒙191029\MultiBoardSyncGrabDemoDlg.cs:行号 4093
触发方法：Void WinIOError(Int32, System.String)

当前时间：2019/11/3 16:22:05
异常信息：端口“COM3”不存在。
异常对象：System
调用堆栈：
在 System.IO.Ports.InternalResources.WinIOError(Int32 errorCode, String str)
   在 System.IO.Ports.SerialStream..ctor(String portName, Int32 baudRate, Parity parity, Int32 dataBits, StopBits stopBits, Int32 readTimeout, Int32 writeTimeout, Handshake handshake, Boolean dtrEnable, Boolean rtsEnable, Boolean discardNull, Byte parityReplace)
   在 System.IO.Ports.SerialPort.Open()
   在 DALSA.SaperaLT.Demos.NET.CSharp.MultiBoardSyncGrabDemo.MultiBoardSyncGrabDemoDlg.MultiBoardSyncGrabDemoDlg_Load(Object sender, EventArgs e) 位置 E:\1DM\东蒙191029\MultiBoardSyncGrabDemoDlg.cs:行号 4093
触发方法：Void WinIOError(Int32, System.String)

当前时间：2019/11/3 16:23:05
异常信息：端口“COM3”不存在。
异常对象：System
调用堆栈：
在 System.IO.Ports.InternalResources.WinIOError(Int32 errorCode, String str)
   在 System.IO.Ports.SerialStream..ctor(String portName, Int32 baudRate, Parity parity, Int32 dataBits, StopBits stopBits, Int32 readTimeout, Int32 writeTimeout, Handshake handshake, Boolean dtrEnable, Boolean rtsEnable, Boolean discardNull, Byte parityReplace)
   在 System.IO.Ports.SerialPort.Open()
   在 DALSA.SaperaLT.Demos.NET.CSharp.MultiBoardSyncGrabDemo.MultiBoardSyncGrabDemoDlg.MultiBoardSyncGrabDemoDlg_Load(Object sender, EventArgs e) 位置 E:\1DM\东蒙191029\MultiBoardSyncGrabDemoDlg.cs:行号 4093
触发方法：Void WinIOError(Int32, System.String)

当前时间：2019/11/3 16:23:32
异常信息：Duplicate entry '林晨宽' for key 'PRIMARY'
异常对象：MySql.Data
调用堆栈：
在 MySql.Data.MySqlClient.MySqlStream.ReadPacket()
   在 MySql.Data.MySqlClient.NativeDriver.GetResult(Int32& affectedRow, Int64& insertedId)
   在 MySql.Data.MySqlClient.Driver.NextResult(Int32 statementId, Boolean force)
   在 MySql.Data.MySqlClient.MySqlDataReader.NextResult()
   在 MySql.Data.MySqlClient.MySqlCommand.ExecuteReader(CommandBehavior behavior)
   在 MySql.Data.MySqlClient.MySqlCommand.ExecuteNonQuery()
   在 DALSA.SaperaLT.Demos.NET.CSharp.MultiBoardSyncGrabDemo.MultiBoardSyncGrabDemoDlg.ExecuteBatchSql(List`1 SQLStringList) 位置 E:\1DM\东蒙191029\MultiBoardSyncGrabDemoDlg.cs:行号 5435
触发方法：MySql.Data.MySqlClient.MySqlPacket ReadPacket()

当前时间：2019/11/3 16:28:02
异常信息：HALCON error #5235: Wrong graphic format in operator read_image
异常对象：halcondotnet
调用堆栈：
在 HalconDotNet.HOperatorException.throwOperator(Int32 err, Int32 procIndex)
   在 HalconDotNet.HalconAPI.PostCall(IntPtr proc, Int32 procResult)
   在 HalconDotNet.HOperatorSet.ReadImage(HObject& image, HTuple fileName)
   在 DALSA.SaperaLT.Demos.NET.CSharp.MultiBoardSyncGrabDemo.MultiBoardSyncGrabDemoDlg.halcon_Click(Object sender, EventArgs e) 位置 E:\1DM\东蒙191029\MultiBoardSyncGrabDemoDlg.cs:行号 4430
触发方法：Void throwOperator(Int32, Int32)

当前时间：2019/11/3 16:32:57
异常信息：端口“COM3”不存在。
异常对象：System
调用堆栈：
在 System.IO.Ports.InternalResources.WinIOError(Int32 errorCode, String str)
   在 System.IO.Ports.SerialStream..ctor(String portName, Int32 baudRate, Parity parity, Int32 dataBits, StopBits stopBits, Int32 readTimeout, Int32 writeTimeout, Handshake handshake, Boolean dtrEnable, Boolean rtsEnable, Boolean discardNull, Byte parityReplace)
   在 System.IO.Ports.SerialPort.Open()
   在 DALSA.SaperaLT.Demos.NET.CSharp.MultiBoardSyncGrabDemo.MultiBoardSyncGrabDemoDlg.MultiBoardSyncGrabDemoDlg_Load(Object sender, EventArgs e) 位置 E:\1DM\东蒙191029\MultiBoardSyncGrabDemoDlg.cs:行号 4093
触发方法：Void WinIOError(Int32, System.String)

当前时间：2019/11/3 16:33:42
异常信息：Duplicate entry '' for key 'PRIMARY'
异常对象：MySql.Data
调用堆栈：
在 MySql.Data.MySqlClient.MySqlStream.ReadPacket()
   在 MySql.Data.MySqlClient.NativeDriver.GetResult(Int32& affectedRow, Int64& insertedId)
   在 MySql.Data.MySqlClient.Driver.NextResult(Int32 statementId, Boolean force)
   在 MySql.Data.MySqlClient.MySqlDataReader.NextResult()
   在 MySql.Data.MySqlClient.MySqlCommand.ExecuteReader(CommandBehavior behavior)
   在 MySql.Data.MySqlClient.MySqlCommand.ExecuteNonQuery()
   在 DALSA.SaperaLT.Demos.NET.CSharp.MultiBoardSyncGrabDemo.MultiBoardSyncGrabDemoDlg.ExecuteBatchSql(List`1 SQLStringList) 位置 E:\1DM\东蒙191029\MultiBoardSyncGrabDemoDlg.cs:行号 5435
触发方法：MySql.Data.MySqlClient.MySqlPacket ReadPacket()

当前时间：2019/11/3 16:38:07
异常信息：端口“COM3”不存在。
异常对象：System
调用堆栈：
在 System.IO.Ports.InternalResources.WinIOError(Int32 errorCode, String str)
   在 System.IO.Ports.SerialStream..ctor(String portName, Int32 baudRate, Parity parity, Int32 dataBits, StopBits stopBits, Int32 readTimeout, Int32 writeTimeout, Handshake handshake, Boolean dtrEnable, Boolean rtsEnable, Boolean discardNull, Byte parityReplace)
   在 System.IO.Ports.SerialPort.Open()
   在 DALSA.SaperaLT.Demos.NET.CSharp.MultiBoardSyncGrabDemo.MultiBoardSyncGrabDemoDlg.MultiBoardSyncGrabDemoDlg_Load(Object sender, EventArgs e) 位置 E:\1DM\东蒙191029\MultiBoardSyncGrabDemoDlg.cs:行号 4093
触发方法：Void WinIOError(Int32, System.String)

当前时间：2019/11/3 16:38:38
异常信息：Duplicate entry '' for key 'PRIMARY'
异常对象：MySql.Data
调用堆栈：
在 MySql.Data.MySqlClient.MySqlStream.ReadPacket()
   在 MySql.Data.MySqlClient.NativeDriver.GetResult(Int32& affectedRow, Int64& insertedId)
   在 MySql.Data.MySqlClient.Driver.NextResult(Int32 statementId, Boolean force)
   在 MySql.Data.MySqlClient.MySqlDataReader.NextResult()
   在 MySql.Data.MySqlClient.MySqlCommand.ExecuteReader(CommandBehavior behavior)
   在 MySql.Data.MySqlClient.MySqlCommand.ExecuteNonQuery()
   在 DALSA.SaperaLT.Demos.NET.CSharp.MultiBoardSyncGrabDemo.MultiBoardSyncGrabDemoDlg.ExecuteBatchSql(List`1 SQLStringList) 位置 E:\1DM\东蒙191029\MultiBoardSyncGrabDemoDlg.cs:行号 5435
触发方法：MySql.Data.MySqlClient.MySqlPacket ReadPacket()

当前时间：2019/11/3 16:48:24
异常信息：端口“COM3”不存在。
异常对象：System
调用堆栈：
在 System.IO.Ports.InternalResources.WinIOError(Int32 errorCode, String str)
   在 System.IO.Ports.SerialStream..ctor(String portName, Int32 baudRate, Parity parity, Int32 dataBits, StopBits stopBits, Int32 readTimeout, Int32 writeTimeout, Handshake handshake, Boolean dtrEnable, Boolean rtsEnable, Boolean discardNull, Byte parityReplace)
   在 System.IO.Ports.SerialPort.Open()
   在 DALSA.SaperaLT.Demos.NET.CSharp.MultiBoardSyncGrabDemo.MultiBoardSyncGrabDemoDlg.MultiBoardSyncGrabDemoDlg_Load(Object sender, EventArgs e) 位置 E:\1DM\东蒙191029\MultiBoardSyncGrabDemoDlg.cs:行号 4093
触发方法：Void WinIOError(Int32, System.String)

当前时间：2019/11/3 16:48:48
异常信息：Duplicate entry '' for key 'PRIMARY'
异常对象：MySql.Data
调用堆栈：
在 MySql.Data.MySqlClient.MySqlStream.ReadPacket()
   在 MySql.Data.MySqlClient.NativeDriver.GetResult(Int32& affectedRow, Int64& insertedId)
   在 MySql.Data.MySqlClient.Driver.NextResult(Int32 statementId, Boolean force)
   在 MySql.Data.MySqlClient.MySqlDataReader.NextResult()
   在 MySql.Data.MySqlClient.MySqlCommand.ExecuteReader(CommandBehavior behavior)
   在 MySql.Data.MySqlClient.MySqlCommand.ExecuteNonQuery()
   在 DALSA.SaperaLT.Demos.NET.CSharp.MultiBoardSyncGrabDemo.MultiBoardSyncGrabDemoDlg.ExecuteBatchSql(List`1 SQLStringList) 位置 E:\1DM\东蒙191029\MultiBoardSyncGrabDemoDlg.cs:行号 5435
触发方法：MySql.Data.MySqlClient.MySqlPacket ReadPacket()

当前时间：2019/11/3 16:52:20
异常信息：端口“COM3”不存在。
异常对象：System
调用堆栈：
在 System.IO.Ports.InternalResources.WinIOError(Int32 errorCode, String str)
   在 System.IO.Ports.SerialStream..ctor(String portName, Int32 baudRate, Parity parity, Int32 dataBits, StopBits stopBits, Int32 readTimeout, Int32 writeTimeout, Handshake handshake, Boolean dtrEnable, Boolean rtsEnable, Boolean discardNull, Byte parityReplace)
   在 System.IO.Ports.SerialPort.Open()
   在 DALSA.SaperaLT.Demos.NET.CSharp.MultiBoardSyncGrabDemo.MultiBoardSyncGrabDemoDlg.MultiBoardSyncGrabDemoDlg_Load(Object sender, EventArgs e) 位置 E:\1DM\东蒙191029\MultiBoardSyncGrabDemoDlg.cs:行号 4093
触发方法：Void WinIOError(Int32, System.String)

当前时间：2019/11/3 16:52:42
异常信息：Duplicate entry '' for key 'PRIMARY'
异常对象：MySql.Data
调用堆栈：
在 MySql.Data.MySqlClient.MySqlStream.ReadPacket()
   在 MySql.Data.MySqlClient.NativeDriver.GetResult(Int32& affectedRow, Int64& insertedId)
   在 MySql.Data.MySqlClient.Driver.NextResult(Int32 statementId, Boolean force)
   在 MySql.Data.MySqlClient.MySqlDataReader.NextResult()
   在 MySql.Data.MySqlClient.MySqlCommand.ExecuteReader(CommandBehavior behavior)
   在 MySql.Data.MySqlClient.MySqlCommand.ExecuteNonQuery()
   在 DALSA.SaperaLT.Demos.NET.CSharp.MultiBoardSyncGrabDemo.MultiBoardSyncGrabDemoDlg.ExecuteBatchSql(List`1 SQLStringList) 位置 E:\1DM\东蒙191029\MultiBoardSyncGrabDemoDlg.cs:行号 5435
触发方法：MySql.Data.MySqlClient.MySqlPacket ReadPacket()

当前时间：2019/11/3 17:15:43
异常信息：端口“COM3”不存在。
异常对象：System
调用堆栈：
在 System.IO.Ports.InternalResources.WinIOError(Int32 errorCode, String str)
   在 System.IO.Ports.SerialStream..ctor(String portName, Int32 baudRate, Parity parity, Int32 dataBits, StopBits stopBits, Int32 readTimeout, Int32 writeTimeout, Handshake handshake, Boolean dtrEnable, Boolean rtsEnable, Boolean discardNull, Byte parityReplace)
   在 System.IO.Ports.SerialPort.Open()
   在 DALSA.SaperaLT.Demos.NET.CSharp.MultiBoardSyncGrabDemo.MultiBoardSyncGrabDemoDlg.MultiBoardSyncGrabDemoDlg_Load(Object sender, EventArgs e) 位置 E:\1DM\东蒙191029\MultiBoardSyncGrabDemoDlg.cs:行号 4093
触发方法：Void WinIOError(Int32, System.String)

当前时间：2019/11/3 17:16:06
异常信息：Duplicate entry '' for key 'PRIMARY'
异常对象：MySql.Data
调用堆栈：
在 MySql.Data.MySqlClient.MySqlStream.ReadPacket()
   在 MySql.Data.MySqlClient.NativeDriver.GetResult(Int32& affectedRow, Int64& insertedId)
   在 MySql.Data.MySqlClient.Driver.NextResult(Int32 statementId, Boolean force)
   在 MySql.Data.MySqlClient.MySqlDataReader.NextResult()
   在 MySql.Data.MySqlClient.MySqlCommand.ExecuteReader(CommandBehavior behavior)
   在 MySql.Data.MySqlClient.MySqlCommand.ExecuteNonQuery()
   在 DALSA.SaperaLT.Demos.NET.CSharp.MultiBoardSyncGrabDemo.MultiBoardSyncGrabDemoDlg.ExecuteBatchSql(List`1 SQLStringList) 位置 E:\1DM\东蒙191029\MultiBoardSyncGrabDemoDlg.cs:行号 5435
触发方法：MySql.Data.MySqlClient.MySqlPacket ReadPacket()

当前时间：2019/11/3 17:35:04
异常信息：端口“COM3”不存在。
异常对象：System
调用堆栈：
在 System.IO.Ports.InternalResources.WinIOError(Int32 errorCode, String str)
   在 System.IO.Ports.SerialStream..ctor(String portName, Int32 baudRate, Parity parity, Int32 dataBits, StopBits stopBits, Int32 readTimeout, Int32 writeTimeout, Handshake handshake, Boolean dtrEnable, Boolean rtsEnable, Boolean discardNull, Byte parityReplace)
   在 System.IO.Ports.SerialPort.Open()
   在 DALSA.SaperaLT.Demos.NET.CSharp.MultiBoardSyncGrabDemo.MultiBoardSyncGrabDemoDlg.MultiBoardSyncGrabDemoDlg_Load(Object sender, EventArgs e) 位置 E:\1DM\东蒙191029\MultiBoardSyncGrabDemoDlg.cs:行号 4094
触发方法：Void WinIOError(Int32, System.String)

当前时间：2019/11/3 17:35:29
异常信息：Duplicate entry '' for key 'PRIMARY'
异常对象：MySql.Data
调用堆栈：
在 MySql.Data.MySqlClient.MySqlStream.ReadPacket()
   在 MySql.Data.MySqlClient.NativeDriver.GetResult(Int32& affectedRow, Int64& insertedId)
   在 MySql.Data.MySqlClient.Driver.NextResult(Int32 statementId, Boolean force)
   在 MySql.Data.MySqlClient.MySqlDataReader.NextResult()
   在 MySql.Data.MySqlClient.MySqlCommand.ExecuteReader(CommandBehavior behavior)
   在 MySql.Data.MySqlClient.MySqlCommand.ExecuteNonQuery()
   在 DALSA.SaperaLT.Demos.NET.CSharp.MultiBoardSyncGrabDemo.MultiBoardSyncGrabDemoDlg.ExecuteBatchSql(List`1 SQLStringList) 位置 E:\1DM\东蒙191029\MultiBoardSyncGrabDemoDlg.cs:行号 5436
触发方法：MySql.Data.MySqlClient.MySqlPacket ReadPacket()

当前时间：2019/11/3 17:40:15
异常信息：端口“COM3”不存在。
异常对象：System
调用堆栈：
在 System.IO.Ports.InternalResources.WinIOError(Int32 errorCode, String str)
   在 System.IO.Ports.SerialStream..ctor(String portName, Int32 baudRate, Parity parity, Int32 dataBits, StopBits stopBits, Int32 readTimeout, Int32 writeTimeout, Handshake handshake, Boolean dtrEnable, Boolean rtsEnable, Boolean discardNull, Byte parityReplace)
   在 System.IO.Ports.SerialPort.Open()
   在 DALSA.SaperaLT.Demos.NET.CSharp.MultiBoardSyncGrabDemo.MultiBoardSyncGrabDemoDlg.MultiBoardSyncGrabDemoDlg_Load(Object sender, EventArgs e) 位置 E:\1DM\东蒙191029\MultiBoardSyncGrabDemoDlg.cs:行号 4094
触发方法：Void WinIOError(Int32, System.String)

当前时间：2019/11/3 17:41:00
异常信息：Duplicate entry '' for key 'PRIMARY'
异常对象：MySql.Data
调用堆栈：
在 MySql.Data.MySqlClient.MySqlStream.ReadPacket()
   在 MySql.Data.MySqlClient.NativeDriver.GetResult(Int32& affectedRow, Int64& insertedId)
   在 MySql.Data.MySqlClient.Driver.NextResult(Int32 statementId, Boolean force)
   在 MySql.Data.MySqlClient.MySqlDataReader.NextResult()
   在 MySql.Data.MySqlClient.MySqlCommand.ExecuteReader(CommandBehavior behavior)
   在 MySql.Data.MySqlClient.MySqlCommand.ExecuteNonQuery()
   在 DALSA.SaperaLT.Demos.NET.CSharp.MultiBoardSyncGrabDemo.MultiBoardSyncGrabDemoDlg.ExecuteBatchSql(List`1 SQLStringList) 位置 E:\1DM\东蒙191029\MultiBoardSyncGrabDemoDlg.cs:行号 5436
触发方法：MySql.Data.MySqlClient.MySqlPacket ReadPacket()

