当前时间：2020/1/6 9:57:27
异常信息：Operation time out.
Please check the camera power and its cable.
异常对象：XJaiLT400CL Control
调用堆栈：
在 System.RuntimeType.ForwardCallToInvokeMember(String memberName, BindingFlags flags, Object target, Int32[] aWrapperTypes, MessageData& msgData)
   在 XJaiLT400CLLib._DXJaiLT400CL.StartCommunication(Int32 nClass, Int32 nPort)
   在 AxXJaiLT400CLLib.AxXJaiLT400CL.StartCommunication(Int32 nClass, Int32 nPort)
   在 DALSA.SaperaLT.Demos.NET.CSharp.MultiBoardSyncGrabDemo.MultiBoardSyncGrabDemoDlg..ctor() 位置 E:\1DM\东蒙1911051\MultiBoardSyncGrabDemoDlg.cs:行号 1458
触发方法：System.Object ForwardCallToInvokeMember(System.String, System.Reflection.BindingFlags, System.Object, Int32[], System.Runtime.Remoting.Proxies.MessageData ByRef)

当前时间：2020/1/6 9:57:30
异常信息：Operation time out.
Please check the camera power and its cable.
异常对象：XJaiLT400CL Control
调用堆栈：
在 System.RuntimeType.ForwardCallToInvokeMember(String memberName, BindingFlags flags, Object target, Int32[] aWrapperTypes, MessageData& msgData)
   在 XJaiLT400CLLib._DXJaiLT400CL.StartCommunication(Int32 nClass, Int32 nPort)
   在 AxXJaiLT400CLLib.AxXJaiLT400CL.StartCommunication(Int32 nClass, Int32 nPort)
   在 DALSA.SaperaLT.Demos.NET.CSharp.MultiBoardSyncGrabDemo.MultiBoardSyncGrabDemoDlg..ctor() 位置 E:\1DM\东蒙1911051\MultiBoardSyncGrabDemoDlg.cs:行号 1488
触发方法：System.Object ForwardCallToInvokeMember(System.String, System.Reflection.BindingFlags, System.Object, Int32[], System.Runtime.Remoting.Proxies.MessageData ByRef)

当前时间：2020/1/6 9:57:30
异常信息：端口“COM3”不存在。
异常对象：System
调用堆栈：
在 System.IO.Ports.InternalResources.WinIOError(Int32 errorCode, String str)
   在 System.IO.Ports.SerialStream..ctor(String portName, Int32 baudRate, Parity parity, Int32 dataBits, StopBits stopBits, Int32 readTimeout, Int32 writeTimeout, Handshake handshake, Boolean dtrEnable, Boolean rtsEnable, Boolean discardNull, Byte parityReplace)
   在 System.IO.Ports.SerialPort.Open()
   在 DALSA.SaperaLT.Demos.NET.CSharp.MultiBoardSyncGrabDemo.MultiBoardSyncGrabDemoDlg.MultiBoardSyncGrabDemoDlg_Load(Object sender, EventArgs e) 位置 E:\1DM\东蒙1911051\MultiBoardSyncGrabDemoDlg.cs:行号 4204
触发方法：Void WinIOError(Int32, System.String)

