当前时间：2019/6/24 星期一 16:24:38
异常信息：Duplicate entry '' for key 'PRIMARY'
异常对象：MySql.Data
调用堆栈：
在 MySql.Data.MySqlClient.MySqlStream.ReadPacket()
   在 MySql.Data.MySqlClient.NativeDriver.GetResult(Int32& affectedRow, Int64& insertedId)
   在 MySql.Data.MySqlClient.Driver.NextResult(Int32 statementId, Boolean force)
   在 MySql.Data.MySqlClient.MySqlDataReader.NextResult()
   在 MySql.Data.MySqlClient.MySqlCommand.ExecuteReader(CommandBehavior behavior)
   在 MySql.Data.MySqlClient.MySqlCommand.ExecuteNonQuery()
   在 DALSA.SaperaLT.Demos.NET.CSharp.MultiBoardSyncGrabDemo.MultiBoardSyncGrabDemoDlg.ExecuteBatchSql(List`1 SQLStringList) 位置 C:\Users\Administrator\Desktop\东蒙190624\东蒙1906191\MultiBoardSyncGrabDemoDlg.cs:行号 4954
触发方法：MySql.Data.MySqlClient.MySqlPacket ReadPacket()

当前时间：2019/6/24 星期一 16:32:06
异常信息：Duplicate entry '' for key 'PRIMARY'
异常对象：MySql.Data
调用堆栈：
在 MySql.Data.MySqlClient.MySqlStream.ReadPacket()
   在 MySql.Data.MySqlClient.NativeDriver.GetResult(Int32& affectedRow, Int64& insertedId)
   在 MySql.Data.MySqlClient.Driver.NextResult(Int32 statementId, Boolean force)
   在 MySql.Data.MySqlClient.MySqlDataReader.NextResult()
   在 MySql.Data.MySqlClient.MySqlCommand.ExecuteReader(CommandBehavior behavior)
   在 MySql.Data.MySqlClient.MySqlCommand.ExecuteNonQuery()
   在 DALSA.SaperaLT.Demos.NET.CSharp.MultiBoardSyncGrabDemo.MultiBoardSyncGrabDemoDlg.ExecuteBatchSql(List`1 SQLStringList) 位置 C:\Users\Administrator\Desktop\东蒙190624\东蒙1906191\MultiBoardSyncGrabDemoDlg.cs:行号 4966
触发方法：MySql.Data.MySqlClient.MySqlPacket ReadPacket()

当前时间：2019/6/24 星期一 16:39:44
异常信息：Duplicate entry '' for key 'PRIMARY'
异常对象：MySql.Data
调用堆栈：
在 MySql.Data.MySqlClient.MySqlStream.ReadPacket()
   在 MySql.Data.MySqlClient.NativeDriver.GetResult(Int32& affectedRow, Int64& insertedId)
   在 MySql.Data.MySqlClient.Driver.NextResult(Int32 statementId, Boolean force)
   在 MySql.Data.MySqlClient.MySqlDataReader.NextResult()
   在 MySql.Data.MySqlClient.MySqlCommand.ExecuteReader(CommandBehavior behavior)
   在 MySql.Data.MySqlClient.MySqlCommand.ExecuteNonQuery()
   在 DALSA.SaperaLT.Demos.NET.CSharp.MultiBoardSyncGrabDemo.MultiBoardSyncGrabDemoDlg.ExecuteBatchSql(List`1 SQLStringList) 位置 C:\Users\Administrator\Desktop\东蒙190624\东蒙1906191\MultiBoardSyncGrabDemoDlg.cs:行号 4970
触发方法：MySql.Data.MySqlClient.MySqlPacket ReadPacket()

当前时间：2019/6/24 星期一 16:42:58
异常信息：Duplicate entry '201906243941' for key 'PRIMARY'
异常对象：MySql.Data
调用堆栈：
在 MySql.Data.MySqlClient.MySqlStream.ReadPacket()
   在 MySql.Data.MySqlClient.NativeDriver.GetResult(Int32& affectedRow, Int64& insertedId)
   在 MySql.Data.MySqlClient.Driver.NextResult(Int32 statementId, Boolean force)
   在 MySql.Data.MySqlClient.MySqlDataReader.NextResult()
   在 MySql.Data.MySqlClient.MySqlCommand.ExecuteReader(CommandBehavior behavior)
   在 MySql.Data.MySqlClient.MySqlCommand.ExecuteNonQuery()
   在 DALSA.SaperaLT.Demos.NET.CSharp.MultiBoardSyncGrabDemo.MultiBoardSyncGrabDemoDlg.ExecuteBatchSql(List`1 SQLStringList) 位置 C:\Users\Administrator\Desktop\东蒙190624\东蒙1906191\MultiBoardSyncGrabDemoDlg.cs:行号 4970
触发方法：MySql.Data.MySqlClient.MySqlPacket ReadPacket()

当前时间：2019/6/24 星期一 16:43:12
异常信息：Duplicate entry '' for key 'PRIMARY'
异常对象：MySql.Data
调用堆栈：
在 MySql.Data.MySqlClient.MySqlStream.ReadPacket()
   在 MySql.Data.MySqlClient.NativeDriver.GetResult(Int32& affectedRow, Int64& insertedId)
   在 MySql.Data.MySqlClient.Driver.NextResult(Int32 statementId, Boolean force)
   在 MySql.Data.MySqlClient.MySqlDataReader.NextResult()
   在 MySql.Data.MySqlClient.MySqlCommand.ExecuteReader(CommandBehavior behavior)
   在 MySql.Data.MySqlClient.MySqlCommand.ExecuteNonQuery()
   在 DALSA.SaperaLT.Demos.NET.CSharp.MultiBoardSyncGrabDemo.MultiBoardSyncGrabDemoDlg.ExecuteBatchSql(List`1 SQLStringList) 位置 C:\Users\Administrator\Desktop\东蒙190624\东蒙1906191\MultiBoardSyncGrabDemoDlg.cs:行号 4970
触发方法：MySql.Data.MySqlClient.MySqlPacket ReadPacket()

当前时间：2019/6/24 星期一 16:43:58
异常信息：You have an error in your SQL syntax; check the manual that corresponds to your MySQL server version for the right syntax to use near 'WHERE ClothNumber = 201906244308' at line 1
异常对象：MySql.Data
调用堆栈：
在 MySql.Data.MySqlClient.MySqlStream.ReadPacket()
   在 MySql.Data.MySqlClient.NativeDriver.GetResult(Int32& affectedRow, Int64& insertedId)
   在 MySql.Data.MySqlClient.Driver.NextResult(Int32 statementId, Boolean force)
   在 MySql.Data.MySqlClient.MySqlDataReader.NextResult()
   在 MySql.Data.MySqlClient.MySqlCommand.ExecuteReader(CommandBehavior behavior)
   在 MySql.Data.MySqlClient.MySqlCommand.ExecuteNonQuery()
   在 DALSA.SaperaLT.Demos.NET.CSharp.MultiBoardSyncGrabDemo.MultiBoardSyncGrabDemoDlg.ExecuteBatchSql(List`1 SQLStringList) 位置 C:\Users\Administrator\Desktop\东蒙190624\东蒙1906191\MultiBoardSyncGrabDemoDlg.cs:行号 4970
触发方法：MySql.Data.MySqlClient.MySqlPacket ReadPacket()

当前时间：2019/6/24 星期一 16:43:58
异常信息：You have an error in your SQL syntax; check the manual that corresponds to your MySQL server version for the right syntax to use near 'WHERE ClothNumber =  201906244308' at line 1
异常对象：MySql.Data
调用堆栈：
在 MySql.Data.MySqlClient.MySqlStream.ReadPacket()
   在 MySql.Data.MySqlClient.NativeDriver.GetResult(Int32& affectedRow, Int64& insertedId)
   在 MySql.Data.MySqlClient.Driver.NextResult(Int32 statementId, Boolean force)
   在 MySql.Data.MySqlClient.MySqlDataReader.NextResult()
   在 MySql.Data.MySqlClient.MySqlCommand.ExecuteReader(CommandBehavior behavior)
   在 MySql.Data.MySqlClient.MySqlCommand.ExecuteNonQuery()
   在 DALSA.SaperaLT.Demos.NET.CSharp.MultiBoardSyncGrabDemo.MultiBoardSyncGrabDemoDlg.ExecuteBatchSql(List`1 SQLStringList) 位置 C:\Users\Administrator\Desktop\东蒙190624\东蒙1906191\MultiBoardSyncGrabDemoDlg.cs:行号 4970
触发方法：MySql.Data.MySqlClient.MySqlPacket ReadPacket()

当前时间：2019/6/24 星期一 16:43:58
异常信息：You have an error in your SQL syntax; check the manual that corresponds to your MySQL server version for the right syntax to use near 'WHERE ClothNumber = 201906244308' at line 1
异常对象：MySql.Data
调用堆栈：
在 MySql.Data.MySqlClient.MySqlStream.ReadPacket()
   在 MySql.Data.MySqlClient.NativeDriver.GetResult(Int32& affectedRow, Int64& insertedId)
   在 MySql.Data.MySqlClient.Driver.NextResult(Int32 statementId, Boolean force)
   在 MySql.Data.MySqlClient.MySqlDataReader.NextResult()
   在 MySql.Data.MySqlClient.MySqlCommand.ExecuteReader(CommandBehavior behavior)
   在 MySql.Data.MySqlClient.MySqlCommand.ExecuteNonQuery()
   在 DALSA.SaperaLT.Demos.NET.CSharp.MultiBoardSyncGrabDemo.MultiBoardSyncGrabDemoDlg.ExecuteBatchSql(List`1 SQLStringList) 位置 C:\Users\Administrator\Desktop\东蒙190624\东蒙1906191\MultiBoardSyncGrabDemoDlg.cs:行号 4970
触发方法：MySql.Data.MySqlClient.MySqlPacket ReadPacket()

当前时间：2019/6/24 星期一 16:43:58
异常信息：You have an error in your SQL syntax; check the manual that corresponds to your MySQL server version for the right syntax to use near 'WHERE ClothNumber =  201906244308' at line 1
异常对象：MySql.Data
调用堆栈：
在 MySql.Data.MySqlClient.MySqlStream.ReadPacket()
   在 MySql.Data.MySqlClient.NativeDriver.GetResult(Int32& affectedRow, Int64& insertedId)
   在 MySql.Data.MySqlClient.Driver.NextResult(Int32 statementId, Boolean force)
   在 MySql.Data.MySqlClient.MySqlDataReader.NextResult()
   在 MySql.Data.MySqlClient.MySqlCommand.ExecuteReader(CommandBehavior behavior)
   在 MySql.Data.MySqlClient.MySqlCommand.ExecuteNonQuery()
   在 DALSA.SaperaLT.Demos.NET.CSharp.MultiBoardSyncGrabDemo.MultiBoardSyncGrabDemoDlg.ExecuteBatchSql(List`1 SQLStringList) 位置 C:\Users\Administrator\Desktop\东蒙190624\东蒙1906191\MultiBoardSyncGrabDemoDlg.cs:行号 4970
触发方法：MySql.Data.MySqlClient.MySqlPacket ReadPacket()

当前时间：2019/6/24 星期一 16:43:58
异常信息：You have an error in your SQL syntax; check the manual that corresponds to your MySQL server version for the right syntax to use near 'WHERE ClothNumber = 201906244308' at line 1
异常对象：MySql.Data
调用堆栈：
在 MySql.Data.MySqlClient.MySqlStream.ReadPacket()
   在 MySql.Data.MySqlClient.NativeDriver.GetResult(Int32& affectedRow, Int64& insertedId)
   在 MySql.Data.MySqlClient.Driver.NextResult(Int32 statementId, Boolean force)
   在 MySql.Data.MySqlClient.MySqlDataReader.NextResult()
   在 MySql.Data.MySqlClient.MySqlCommand.ExecuteReader(CommandBehavior behavior)
   在 MySql.Data.MySqlClient.MySqlCommand.ExecuteNonQuery()
   在 DALSA.SaperaLT.Demos.NET.CSharp.MultiBoardSyncGrabDemo.MultiBoardSyncGrabDemoDlg.ExecuteBatchSql(List`1 SQLStringList) 位置 C:\Users\Administrator\Desktop\东蒙190624\东蒙1906191\MultiBoardSyncGrabDemoDlg.cs:行号 4970
触发方法：MySql.Data.MySqlClient.MySqlPacket ReadPacket()

当前时间：2019/6/24 星期一 16:43:58
异常信息：You have an error in your SQL syntax; check the manual that corresponds to your MySQL server version for the right syntax to use near 'WHERE ClothNumber = 201906244308' at line 1
异常对象：MySql.Data
调用堆栈：
在 MySql.Data.MySqlClient.MySqlStream.ReadPacket()
   在 MySql.Data.MySqlClient.NativeDriver.GetResult(Int32& affectedRow, Int64& insertedId)
   在 MySql.Data.MySqlClient.Driver.NextResult(Int32 statementId, Boolean force)
   在 MySql.Data.MySqlClient.MySqlDataReader.NextResult()
   在 MySql.Data.MySqlClient.MySqlCommand.ExecuteReader(CommandBehavior behavior)
   在 MySql.Data.MySqlClient.MySqlCommand.ExecuteNonQuery()
   在 DALSA.SaperaLT.Demos.NET.CSharp.MultiBoardSyncGrabDemo.MultiBoardSyncGrabDemoDlg.ExecuteBatchSql(List`1 SQLStringList) 位置 C:\Users\Administrator\Desktop\东蒙190624\东蒙1906191\MultiBoardSyncGrabDemoDlg.cs:行号 4970
触发方法：MySql.Data.MySqlClient.MySqlPacket ReadPacket()

当前时间：2019/6/24 星期一 16:43:58
异常信息：You have an error in your SQL syntax; check the manual that corresponds to your MySQL server version for the right syntax to use near 'WHERE ClothNumber =  201906244308' at line 1
异常对象：MySql.Data
调用堆栈：
在 MySql.Data.MySqlClient.MySqlStream.ReadPacket()
   在 MySql.Data.MySqlClient.NativeDriver.GetResult(Int32& affectedRow, Int64& insertedId)
   在 MySql.Data.MySqlClient.Driver.NextResult(Int32 statementId, Boolean force)
   在 MySql.Data.MySqlClient.MySqlDataReader.NextResult()
   在 MySql.Data.MySqlClient.MySqlCommand.ExecuteReader(CommandBehavior behavior)
   在 MySql.Data.MySqlClient.MySqlCommand.ExecuteNonQuery()
   在 DALSA.SaperaLT.Demos.NET.CSharp.MultiBoardSyncGrabDemo.MultiBoardSyncGrabDemoDlg.ExecuteBatchSql(List`1 SQLStringList) 位置 C:\Users\Administrator\Desktop\东蒙190624\东蒙1906191\MultiBoardSyncGrabDemoDlg.cs:行号 4970
触发方法：MySql.Data.MySqlClient.MySqlPacket ReadPacket()

当前时间：2019/6/24 星期一 16:43:58
异常信息：You have an error in your SQL syntax; check the manual that corresponds to your MySQL server version for the right syntax to use near 'WHERE ClothNumber =  201906244308' at line 1
异常对象：MySql.Data
调用堆栈：
在 MySql.Data.MySqlClient.MySqlStream.ReadPacket()
   在 MySql.Data.MySqlClient.NativeDriver.GetResult(Int32& affectedRow, Int64& insertedId)
   在 MySql.Data.MySqlClient.Driver.NextResult(Int32 statementId, Boolean force)
   在 MySql.Data.MySqlClient.MySqlDataReader.NextResult()
   在 MySql.Data.MySqlClient.MySqlCommand.ExecuteReader(CommandBehavior behavior)
   在 MySql.Data.MySqlClient.MySqlCommand.ExecuteNonQuery()
   在 DALSA.SaperaLT.Demos.NET.CSharp.MultiBoardSyncGrabDemo.MultiBoardSyncGrabDemoDlg.ExecuteBatchSql(List`1 SQLStringList) 位置 C:\Users\Administrator\Desktop\东蒙190624\东蒙1906191\MultiBoardSyncGrabDemoDlg.cs:行号 4970
触发方法：MySql.Data.MySqlClient.MySqlPacket ReadPacket()

当前时间：2019/6/24 星期一 16:43:58
异常信息：You have an error in your SQL syntax; check the manual that corresponds to your MySQL server version for the right syntax to use near 'WHERE ClothNumber =  201906244308' at line 1
异常对象：MySql.Data
调用堆栈：
在 MySql.Data.MySqlClient.MySqlStream.ReadPacket()
   在 MySql.Data.MySqlClient.NativeDriver.GetResult(Int32& affectedRow, Int64& insertedId)
   在 MySql.Data.MySqlClient.Driver.NextResult(Int32 statementId, Boolean force)
   在 MySql.Data.MySqlClient.MySqlDataReader.NextResult()
   在 MySql.Data.MySqlClient.MySqlCommand.ExecuteReader(CommandBehavior behavior)
   在 MySql.Data.MySqlClient.MySqlCommand.ExecuteNonQuery()
   在 DALSA.SaperaLT.Demos.NET.CSharp.MultiBoardSyncGrabDemo.MultiBoardSyncGrabDemoDlg.ExecuteBatchSql(List`1 SQLStringList) 位置 C:\Users\Administrator\Desktop\东蒙190624\东蒙1906191\MultiBoardSyncGrabDemoDlg.cs:行号 4970
触发方法：MySql.Data.MySqlClient.MySqlPacket ReadPacket()

当前时间：2019/6/24 星期一 16:43:58
异常信息：You have an error in your SQL syntax; check the manual that corresponds to your MySQL server version for the right syntax to use near 'WHERE ClothNumber = 201906244308' at line 1
异常对象：MySql.Data
调用堆栈：
在 MySql.Data.MySqlClient.MySqlStream.ReadPacket()
   在 MySql.Data.MySqlClient.NativeDriver.GetResult(Int32& affectedRow, Int64& insertedId)
   在 MySql.Data.MySqlClient.Driver.NextResult(Int32 statementId, Boolean force)
   在 MySql.Data.MySqlClient.MySqlDataReader.NextResult()
   在 MySql.Data.MySqlClient.MySqlCommand.ExecuteReader(CommandBehavior behavior)
   在 MySql.Data.MySqlClient.MySqlCommand.ExecuteNonQuery()
   在 DALSA.SaperaLT.Demos.NET.CSharp.MultiBoardSyncGrabDemo.MultiBoardSyncGrabDemoDlg.ExecuteBatchSql(List`1 SQLStringList) 位置 C:\Users\Administrator\Desktop\东蒙190624\东蒙1906191\MultiBoardSyncGrabDemoDlg.cs:行号 4970
触发方法：MySql.Data.MySqlClient.MySqlPacket ReadPacket()

当前时间：2019/6/24 星期一 16:43:58
异常信息：You have an error in your SQL syntax; check the manual that corresponds to your MySQL server version for the right syntax to use near 'WHERE ClothNumber =  201906244308' at line 1
异常对象：MySql.Data
调用堆栈：
在 MySql.Data.MySqlClient.MySqlStream.ReadPacket()
   在 MySql.Data.MySqlClient.NativeDriver.GetResult(Int32& affectedRow, Int64& insertedId)
   在 MySql.Data.MySqlClient.Driver.NextResult(Int32 statementId, Boolean force)
   在 MySql.Data.MySqlClient.MySqlDataReader.NextResult()
   在 MySql.Data.MySqlClient.MySqlCommand.ExecuteReader(CommandBehavior behavior)
   在 MySql.Data.MySqlClient.MySqlCommand.ExecuteNonQuery()
   在 DALSA.SaperaLT.Demos.NET.CSharp.MultiBoardSyncGrabDemo.MultiBoardSyncGrabDemoDlg.ExecuteBatchSql(List`1 SQLStringList) 位置 C:\Users\Administrator\Desktop\东蒙190624\东蒙1906191\MultiBoardSyncGrabDemoDlg.cs:行号 4970
触发方法：MySql.Data.MySqlClient.MySqlPacket ReadPacket()

当前时间：2019/6/24 星期一 16:43:58
异常信息：You have an error in your SQL syntax; check the manual that corresponds to your MySQL server version for the right syntax to use near 'WHERE ClothNumber = 201906244308' at line 1
异常对象：MySql.Data
调用堆栈：
在 MySql.Data.MySqlClient.MySqlStream.ReadPacket()
   在 MySql.Data.MySqlClient.NativeDriver.GetResult(Int32& affectedRow, Int64& insertedId)
   在 MySql.Data.MySqlClient.Driver.NextResult(Int32 statementId, Boolean force)
   在 MySql.Data.MySqlClient.MySqlDataReader.NextResult()
   在 MySql.Data.MySqlClient.MySqlCommand.ExecuteReader(CommandBehavior behavior)
   在 MySql.Data.MySqlClient.MySqlCommand.ExecuteNonQuery()
   在 DALSA.SaperaLT.Demos.NET.CSharp.MultiBoardSyncGrabDemo.MultiBoardSyncGrabDemoDlg.ExecuteBatchSql(List`1 SQLStringList) 位置 C:\Users\Administrator\Desktop\东蒙190624\东蒙1906191\MultiBoardSyncGrabDemoDlg.cs:行号 4970
触发方法：MySql.Data.MySqlClient.MySqlPacket ReadPacket()

当前时间：2019/6/24 星期一 16:43:58
异常信息：You have an error in your SQL syntax; check the manual that corresponds to your MySQL server version for the right syntax to use near 'WHERE ClothNumber = 201906244308' at line 1
异常对象：MySql.Data
调用堆栈：
在 MySql.Data.MySqlClient.MySqlStream.ReadPacket()
   在 MySql.Data.MySqlClient.NativeDriver.GetResult(Int32& affectedRow, Int64& insertedId)
   在 MySql.Data.MySqlClient.Driver.NextResult(Int32 statementId, Boolean force)
   在 MySql.Data.MySqlClient.MySqlDataReader.NextResult()
   在 MySql.Data.MySqlClient.MySqlCommand.ExecuteReader(CommandBehavior behavior)
   在 MySql.Data.MySqlClient.MySqlCommand.ExecuteNonQuery()
   在 DALSA.SaperaLT.Demos.NET.CSharp.MultiBoardSyncGrabDemo.MultiBoardSyncGrabDemoDlg.ExecuteBatchSql(List`1 SQLStringList) 位置 C:\Users\Administrator\Desktop\东蒙190624\东蒙1906191\MultiBoardSyncGrabDemoDlg.cs:行号 4970
触发方法：MySql.Data.MySqlClient.MySqlPacket ReadPacket()

当前时间：2019/6/24 星期一 16:43:58
异常信息：You have an error in your SQL syntax; check the manual that corresponds to your MySQL server version for the right syntax to use near 'WHERE ClothNumber =  201906244308' at line 1
异常对象：MySql.Data
调用堆栈：
在 MySql.Data.MySqlClient.MySqlStream.ReadPacket()
   在 MySql.Data.MySqlClient.NativeDriver.GetResult(Int32& affectedRow, Int64& insertedId)
   在 MySql.Data.MySqlClient.Driver.NextResult(Int32 statementId, Boolean force)
   在 MySql.Data.MySqlClient.MySqlDataReader.NextResult()
   在 MySql.Data.MySqlClient.MySqlCommand.ExecuteReader(CommandBehavior behavior)
   在 MySql.Data.MySqlClient.MySqlCommand.ExecuteNonQuery()
   在 DALSA.SaperaLT.Demos.NET.CSharp.MultiBoardSyncGrabDemo.MultiBoardSyncGrabDemoDlg.ExecuteBatchSql(List`1 SQLStringList) 位置 C:\Users\Administrator\Desktop\东蒙190624\东蒙1906191\MultiBoardSyncGrabDemoDlg.cs:行号 4970
触发方法：MySql.Data.MySqlClient.MySqlPacket ReadPacket()

当前时间：2019/6/24 星期一 16:43:58
异常信息：You have an error in your SQL syntax; check the manual that corresponds to your MySQL server version for the right syntax to use near 'WHERE ClothNumber =  201906244308' at line 1
异常对象：MySql.Data
调用堆栈：
在 MySql.Data.MySqlClient.MySqlStream.ReadPacket()
   在 MySql.Data.MySqlClient.NativeDriver.GetResult(Int32& affectedRow, Int64& insertedId)
   在 MySql.Data.MySqlClient.Driver.NextResult(Int32 statementId, Boolean force)
   在 MySql.Data.MySqlClient.MySqlDataReader.NextResult()
   在 MySql.Data.MySqlClient.MySqlCommand.ExecuteReader(CommandBehavior behavior)
   在 MySql.Data.MySqlClient.MySqlCommand.ExecuteNonQuery()
   在 DALSA.SaperaLT.Demos.NET.CSharp.MultiBoardSyncGrabDemo.MultiBoardSyncGrabDemoDlg.ExecuteBatchSql(List`1 SQLStringList) 位置 C:\Users\Administrator\Desktop\东蒙190624\东蒙1906191\MultiBoardSyncGrabDemoDlg.cs:行号 4970
触发方法：MySql.Data.MySqlClient.MySqlPacket ReadPacket()

当前时间：2019/6/24 星期一 16:43:58
异常信息：You have an error in your SQL syntax; check the manual that corresponds to your MySQL server version for the right syntax to use near 'WHERE ClothNumber =  201906244308' at line 1
异常对象：MySql.Data
调用堆栈：
在 MySql.Data.MySqlClient.MySqlStream.ReadPacket()
   在 MySql.Data.MySqlClient.NativeDriver.GetResult(Int32& affectedRow, Int64& insertedId)
   在 MySql.Data.MySqlClient.Driver.NextResult(Int32 statementId, Boolean force)
   在 MySql.Data.MySqlClient.MySqlDataReader.NextResult()
   在 MySql.Data.MySqlClient.MySqlCommand.ExecuteReader(CommandBehavior behavior)
   在 MySql.Data.MySqlClient.MySqlCommand.ExecuteNonQuery()
   在 DALSA.SaperaLT.Demos.NET.CSharp.MultiBoardSyncGrabDemo.MultiBoardSyncGrabDemoDlg.ExecuteBatchSql(List`1 SQLStringList) 位置 C:\Users\Administrator\Desktop\东蒙190624\东蒙1906191\MultiBoardSyncGrabDemoDlg.cs:行号 4970
触发方法：MySql.Data.MySqlClient.MySqlPacket ReadPacket()

当前时间：2019/6/24 星期一 16:46:51
异常信息：You have an error in your SQL syntax; check the manual that corresponds to your MySQL server version for the right syntax to use near 'WHERE ClothNumber = 201906244308' at line 1
异常对象：MySql.Data
调用堆栈：
在 MySql.Data.MySqlClient.MySqlStream.ReadPacket()
   在 MySql.Data.MySqlClient.NativeDriver.GetResult(Int32& affectedRow, Int64& insertedId)
   在 MySql.Data.MySqlClient.Driver.NextResult(Int32 statementId, Boolean force)
   在 MySql.Data.MySqlClient.MySqlDataReader.NextResult()
   在 MySql.Data.MySqlClient.MySqlCommand.ExecuteReader(CommandBehavior behavior)
   在 MySql.Data.MySqlClient.MySqlCommand.ExecuteNonQuery()
   在 DALSA.SaperaLT.Demos.NET.CSharp.MultiBoardSyncGrabDemo.MultiBoardSyncGrabDemoDlg.ExecuteBatchSql(List`1 SQLStringList) 位置 C:\Users\Administrator\Desktop\东蒙190624\东蒙1906191\MultiBoardSyncGrabDemoDlg.cs:行号 4970
触发方法：MySql.Data.MySqlClient.MySqlPacket ReadPacket()

当前时间：2019/6/24 星期一 16:46:51
异常信息：You have an error in your SQL syntax; check the manual that corresponds to your MySQL server version for the right syntax to use near 'WHERE ClothNumber =  201906244308' at line 1
异常对象：MySql.Data
调用堆栈：
在 MySql.Data.MySqlClient.MySqlStream.ReadPacket()
   在 MySql.Data.MySqlClient.NativeDriver.GetResult(Int32& affectedRow, Int64& insertedId)
   在 MySql.Data.MySqlClient.Driver.NextResult(Int32 statementId, Boolean force)
   在 MySql.Data.MySqlClient.MySqlDataReader.NextResult()
   在 MySql.Data.MySqlClient.MySqlCommand.ExecuteReader(CommandBehavior behavior)
   在 MySql.Data.MySqlClient.MySqlCommand.ExecuteNonQuery()
   在 DALSA.SaperaLT.Demos.NET.CSharp.MultiBoardSyncGrabDemo.MultiBoardSyncGrabDemoDlg.ExecuteBatchSql(List`1 SQLStringList) 位置 C:\Users\Administrator\Desktop\东蒙190624\东蒙1906191\MultiBoardSyncGrabDemoDlg.cs:行号 4970
触发方法：MySql.Data.MySqlClient.MySqlPacket ReadPacket()

当前时间：2019/6/24 星期一 16:46:51
异常信息：You have an error in your SQL syntax; check the manual that corresponds to your MySQL server version for the right syntax to use near 'WHERE ClothNumber = 201906244308' at line 1
异常对象：MySql.Data
调用堆栈：
在 MySql.Data.MySqlClient.MySqlStream.ReadPacket()
   在 MySql.Data.MySqlClient.NativeDriver.GetResult(Int32& affectedRow, Int64& insertedId)
   在 MySql.Data.MySqlClient.Driver.NextResult(Int32 statementId, Boolean force)
   在 MySql.Data.MySqlClient.MySqlDataReader.NextResult()
   在 MySql.Data.MySqlClient.MySqlCommand.ExecuteReader(CommandBehavior behavior)
   在 MySql.Data.MySqlClient.MySqlCommand.ExecuteNonQuery()
   在 DALSA.SaperaLT.Demos.NET.CSharp.MultiBoardSyncGrabDemo.MultiBoardSyncGrabDemoDlg.ExecuteBatchSql(List`1 SQLStringList) 位置 C:\Users\Administrator\Desktop\东蒙190624\东蒙1906191\MultiBoardSyncGrabDemoDlg.cs:行号 4970
触发方法：MySql.Data.MySqlClient.MySqlPacket ReadPacket()

当前时间：2019/6/24 星期一 16:46:51
异常信息：You have an error in your SQL syntax; check the manual that corresponds to your MySQL server version for the right syntax to use near 'WHERE ClothNumber =  201906244308' at line 1
异常对象：MySql.Data
调用堆栈：
在 MySql.Data.MySqlClient.MySqlStream.ReadPacket()
   在 MySql.Data.MySqlClient.NativeDriver.GetResult(Int32& affectedRow, Int64& insertedId)
   在 MySql.Data.MySqlClient.Driver.NextResult(Int32 statementId, Boolean force)
   在 MySql.Data.MySqlClient.MySqlDataReader.NextResult()
   在 MySql.Data.MySqlClient.MySqlCommand.ExecuteReader(CommandBehavior behavior)
   在 MySql.Data.MySqlClient.MySqlCommand.ExecuteNonQuery()
   在 DALSA.SaperaLT.Demos.NET.CSharp.MultiBoardSyncGrabDemo.MultiBoardSyncGrabDemoDlg.ExecuteBatchSql(List`1 SQLStringList) 位置 C:\Users\Administrator\Desktop\东蒙190624\东蒙1906191\MultiBoardSyncGrabDemoDlg.cs:行号 4970
触发方法：MySql.Data.MySqlClient.MySqlPacket ReadPacket()

当前时间：2019/6/24 星期一 16:46:51
异常信息：You have an error in your SQL syntax; check the manual that corresponds to your MySQL server version for the right syntax to use near 'WHERE ClothNumber = 201906244308' at line 1
异常对象：MySql.Data
调用堆栈：
在 MySql.Data.MySqlClient.MySqlStream.ReadPacket()
   在 MySql.Data.MySqlClient.NativeDriver.GetResult(Int32& affectedRow, Int64& insertedId)
   在 MySql.Data.MySqlClient.Driver.NextResult(Int32 statementId, Boolean force)
   在 MySql.Data.MySqlClient.MySqlDataReader.NextResult()
   在 MySql.Data.MySqlClient.MySqlCommand.ExecuteReader(CommandBehavior behavior)
   在 MySql.Data.MySqlClient.MySqlCommand.ExecuteNonQuery()
   在 DALSA.SaperaLT.Demos.NET.CSharp.MultiBoardSyncGrabDemo.MultiBoardSyncGrabDemoDlg.ExecuteBatchSql(List`1 SQLStringList) 位置 C:\Users\Administrator\Desktop\东蒙190624\东蒙1906191\MultiBoardSyncGrabDemoDlg.cs:行号 4970
触发方法：MySql.Data.MySqlClient.MySqlPacket ReadPacket()

当前时间：2019/6/24 星期一 16:46:52
异常信息：You have an error in your SQL syntax; check the manual that corresponds to your MySQL server version for the right syntax to use near 'WHERE ClothNumber = 201906244308' at line 1
异常对象：MySql.Data
调用堆栈：
在 MySql.Data.MySqlClient.MySqlStream.ReadPacket()
   在 MySql.Data.MySqlClient.NativeDriver.GetResult(Int32& affectedRow, Int64& insertedId)
   在 MySql.Data.MySqlClient.Driver.NextResult(Int32 statementId, Boolean force)
   在 MySql.Data.MySqlClient.MySqlDataReader.NextResult()
   在 MySql.Data.MySqlClient.MySqlCommand.ExecuteReader(CommandBehavior behavior)
   在 MySql.Data.MySqlClient.MySqlCommand.ExecuteNonQuery()
   在 DALSA.SaperaLT.Demos.NET.CSharp.MultiBoardSyncGrabDemo.MultiBoardSyncGrabDemoDlg.ExecuteBatchSql(List`1 SQLStringList) 位置 C:\Users\Administrator\Desktop\东蒙190624\东蒙1906191\MultiBoardSyncGrabDemoDlg.cs:行号 4970
触发方法：MySql.Data.MySqlClient.MySqlPacket ReadPacket()

当前时间：2019/6/24 星期一 16:46:52
异常信息：You have an error in your SQL syntax; check the manual that corresponds to your MySQL server version for the right syntax to use near 'WHERE ClothNumber =  201906244308' at line 1
异常对象：MySql.Data
调用堆栈：
在 MySql.Data.MySqlClient.MySqlStream.ReadPacket()
   在 MySql.Data.MySqlClient.NativeDriver.GetResult(Int32& affectedRow, Int64& insertedId)
   在 MySql.Data.MySqlClient.Driver.NextResult(Int32 statementId, Boolean force)
   在 MySql.Data.MySqlClient.MySqlDataReader.NextResult()
   在 MySql.Data.MySqlClient.MySqlCommand.ExecuteReader(CommandBehavior behavior)
   在 MySql.Data.MySqlClient.MySqlCommand.ExecuteNonQuery()
   在 DALSA.SaperaLT.Demos.NET.CSharp.MultiBoardSyncGrabDemo.MultiBoardSyncGrabDemoDlg.ExecuteBatchSql(List`1 SQLStringList) 位置 C:\Users\Administrator\Desktop\东蒙190624\东蒙1906191\MultiBoardSyncGrabDemoDlg.cs:行号 4970
触发方法：MySql.Data.MySqlClient.MySqlPacket ReadPacket()

当前时间：2019/6/24 星期一 16:46:52
异常信息：You have an error in your SQL syntax; check the manual that corresponds to your MySQL server version for the right syntax to use near 'WHERE ClothNumber =  201906244308' at line 1
异常对象：MySql.Data
调用堆栈：
在 MySql.Data.MySqlClient.MySqlStream.ReadPacket()
   在 MySql.Data.MySqlClient.NativeDriver.GetResult(Int32& affectedRow, Int64& insertedId)
   在 MySql.Data.MySqlClient.Driver.NextResult(Int32 statementId, Boolean force)
   在 MySql.Data.MySqlClient.MySqlDataReader.NextResult()
   在 MySql.Data.MySqlClient.MySqlCommand.ExecuteReader(CommandBehavior behavior)
   在 MySql.Data.MySqlClient.MySqlCommand.ExecuteNonQuery()
   在 DALSA.SaperaLT.Demos.NET.CSharp.MultiBoardSyncGrabDemo.MultiBoardSyncGrabDemoDlg.ExecuteBatchSql(List`1 SQLStringList) 位置 C:\Users\Administrator\Desktop\东蒙190624\东蒙1906191\MultiBoardSyncGrabDemoDlg.cs:行号 4970
触发方法：MySql.Data.MySqlClient.MySqlPacket ReadPacket()

当前时间：2019/6/24 星期一 16:46:52
异常信息：You have an error in your SQL syntax; check the manual that corresponds to your MySQL server version for the right syntax to use near 'WHERE ClothNumber =  201906244308' at line 1
异常对象：MySql.Data
调用堆栈：
在 MySql.Data.MySqlClient.MySqlStream.ReadPacket()
   在 MySql.Data.MySqlClient.NativeDriver.GetResult(Int32& affectedRow, Int64& insertedId)
   在 MySql.Data.MySqlClient.Driver.NextResult(Int32 statementId, Boolean force)
   在 MySql.Data.MySqlClient.MySqlDataReader.NextResult()
   在 MySql.Data.MySqlClient.MySqlCommand.ExecuteReader(CommandBehavior behavior)
   在 MySql.Data.MySqlClient.MySqlCommand.ExecuteNonQuery()
   在 DALSA.SaperaLT.Demos.NET.CSharp.MultiBoardSyncGrabDemo.MultiBoardSyncGrabDemoDlg.ExecuteBatchSql(List`1 SQLStringList) 位置 C:\Users\Administrator\Desktop\东蒙190624\东蒙1906191\MultiBoardSyncGrabDemoDlg.cs:行号 4970
触发方法：MySql.Data.MySqlClient.MySqlPacket ReadPacket()

当前时间：2019/6/24 星期一 16:46:52
异常信息：You have an error in your SQL syntax; check the manual that corresponds to your MySQL server version for the right syntax to use near 'WHERE ClothNumber = 201906244308' at line 1
异常对象：MySql.Data
调用堆栈：
在 MySql.Data.MySqlClient.MySqlStream.ReadPacket()
   在 MySql.Data.MySqlClient.NativeDriver.GetResult(Int32& affectedRow, Int64& insertedId)
   在 MySql.Data.MySqlClient.Driver.NextResult(Int32 statementId, Boolean force)
   在 MySql.Data.MySqlClient.MySqlDataReader.NextResult()
   在 MySql.Data.MySqlClient.MySqlCommand.ExecuteReader(CommandBehavior behavior)
   在 MySql.Data.MySqlClient.MySqlCommand.ExecuteNonQuery()
   在 DALSA.SaperaLT.Demos.NET.CSharp.MultiBoardSyncGrabDemo.MultiBoardSyncGrabDemoDlg.ExecuteBatchSql(List`1 SQLStringList) 位置 C:\Users\Administrator\Desktop\东蒙190624\东蒙1906191\MultiBoardSyncGrabDemoDlg.cs:行号 4970
触发方法：MySql.Data.MySqlClient.MySqlPacket ReadPacket()

当前时间：2019/6/24 星期一 16:46:52
异常信息：You have an error in your SQL syntax; check the manual that corresponds to your MySQL server version for the right syntax to use near 'WHERE ClothNumber =  201906244308' at line 1
异常对象：MySql.Data
调用堆栈：
在 MySql.Data.MySqlClient.MySqlStream.ReadPacket()
   在 MySql.Data.MySqlClient.NativeDriver.GetResult(Int32& affectedRow, Int64& insertedId)
   在 MySql.Data.MySqlClient.Driver.NextResult(Int32 statementId, Boolean force)
   在 MySql.Data.MySqlClient.MySqlDataReader.NextResult()
   在 MySql.Data.MySqlClient.MySqlCommand.ExecuteReader(CommandBehavior behavior)
   在 MySql.Data.MySqlClient.MySqlCommand.ExecuteNonQuery()
   在 DALSA.SaperaLT.Demos.NET.CSharp.MultiBoardSyncGrabDemo.MultiBoardSyncGrabDemoDlg.ExecuteBatchSql(List`1 SQLStringList) 位置 C:\Users\Administrator\Desktop\东蒙190624\东蒙1906191\MultiBoardSyncGrabDemoDlg.cs:行号 4970
触发方法：MySql.Data.MySqlClient.MySqlPacket ReadPacket()

当前时间：2019/6/24 星期一 16:46:52
异常信息：You have an error in your SQL syntax; check the manual that corresponds to your MySQL server version for the right syntax to use near 'WHERE ClothNumber = 201906244308' at line 1
异常对象：MySql.Data
调用堆栈：
在 MySql.Data.MySqlClient.MySqlStream.ReadPacket()
   在 MySql.Data.MySqlClient.NativeDriver.GetResult(Int32& affectedRow, Int64& insertedId)
   在 MySql.Data.MySqlClient.Driver.NextResult(Int32 statementId, Boolean force)
   在 MySql.Data.MySqlClient.MySqlDataReader.NextResult()
   在 MySql.Data.MySqlClient.MySqlCommand.ExecuteReader(CommandBehavior behavior)
   在 MySql.Data.MySqlClient.MySqlCommand.ExecuteNonQuery()
   在 DALSA.SaperaLT.Demos.NET.CSharp.MultiBoardSyncGrabDemo.MultiBoardSyncGrabDemoDlg.ExecuteBatchSql(List`1 SQLStringList) 位置 C:\Users\Administrator\Desktop\东蒙190624\东蒙1906191\MultiBoardSyncGrabDemoDlg.cs:行号 4970
触发方法：MySql.Data.MySqlClient.MySqlPacket ReadPacket()

当前时间：2019/6/24 星期一 16:46:52
异常信息：You have an error in your SQL syntax; check the manual that corresponds to your MySQL server version for the right syntax to use near 'WHERE ClothNumber = 201906244308' at line 1
异常对象：MySql.Data
调用堆栈：
在 MySql.Data.MySqlClient.MySqlStream.ReadPacket()
   在 MySql.Data.MySqlClient.NativeDriver.GetResult(Int32& affectedRow, Int64& insertedId)
   在 MySql.Data.MySqlClient.Driver.NextResult(Int32 statementId, Boolean force)
   在 MySql.Data.MySqlClient.MySqlDataReader.NextResult()
   在 MySql.Data.MySqlClient.MySqlCommand.ExecuteReader(CommandBehavior behavior)
   在 MySql.Data.MySqlClient.MySqlCommand.ExecuteNonQuery()
   在 DALSA.SaperaLT.Demos.NET.CSharp.MultiBoardSyncGrabDemo.MultiBoardSyncGrabDemoDlg.ExecuteBatchSql(List`1 SQLStringList) 位置 C:\Users\Administrator\Desktop\东蒙190624\东蒙1906191\MultiBoardSyncGrabDemoDlg.cs:行号 4970
触发方法：MySql.Data.MySqlClient.MySqlPacket ReadPacket()

当前时间：2019/6/24 星期一 16:46:52
异常信息：You have an error in your SQL syntax; check the manual that corresponds to your MySQL server version for the right syntax to use near 'WHERE ClothNumber =  201906244308' at line 1
异常对象：MySql.Data
调用堆栈：
在 MySql.Data.MySqlClient.MySqlStream.ReadPacket()
   在 MySql.Data.MySqlClient.NativeDriver.GetResult(Int32& affectedRow, Int64& insertedId)
   在 MySql.Data.MySqlClient.Driver.NextResult(Int32 statementId, Boolean force)
   在 MySql.Data.MySqlClient.MySqlDataReader.NextResult()
   在 MySql.Data.MySqlClient.MySqlCommand.ExecuteReader(CommandBehavior behavior)
   在 MySql.Data.MySqlClient.MySqlCommand.ExecuteNonQuery()
   在 DALSA.SaperaLT.Demos.NET.CSharp.MultiBoardSyncGrabDemo.MultiBoardSyncGrabDemoDlg.ExecuteBatchSql(List`1 SQLStringList) 位置 C:\Users\Administrator\Desktop\东蒙190624\东蒙1906191\MultiBoardSyncGrabDemoDlg.cs:行号 4970
触发方法：MySql.Data.MySqlClient.MySqlPacket ReadPacket()

当前时间：2019/6/24 星期一 16:46:52
异常信息：You have an error in your SQL syntax; check the manual that corresponds to your MySQL server version for the right syntax to use near 'WHERE ClothNumber =  201906244308' at line 1
异常对象：MySql.Data
调用堆栈：
在 MySql.Data.MySqlClient.MySqlStream.ReadPacket()
   在 MySql.Data.MySqlClient.NativeDriver.GetResult(Int32& affectedRow, Int64& insertedId)
   在 MySql.Data.MySqlClient.Driver.NextResult(Int32 statementId, Boolean force)
   在 MySql.Data.MySqlClient.MySqlDataReader.NextResult()
   在 MySql.Data.MySqlClient.MySqlCommand.ExecuteReader(CommandBehavior behavior)
   在 MySql.Data.MySqlClient.MySqlCommand.ExecuteNonQuery()
   在 DALSA.SaperaLT.Demos.NET.CSharp.MultiBoardSyncGrabDemo.MultiBoardSyncGrabDemoDlg.ExecuteBatchSql(List`1 SQLStringList) 位置 C:\Users\Administrator\Desktop\东蒙190624\东蒙1906191\MultiBoardSyncGrabDemoDlg.cs:行号 4970
触发方法：MySql.Data.MySqlClient.MySqlPacket ReadPacket()

当前时间：2019/6/24 星期一 16:46:52
异常信息：You have an error in your SQL syntax; check the manual that corresponds to your MySQL server version for the right syntax to use near 'WHERE ClothNumber =  201906244308' at line 1
异常对象：MySql.Data
调用堆栈：
在 MySql.Data.MySqlClient.MySqlStream.ReadPacket()
   在 MySql.Data.MySqlClient.NativeDriver.GetResult(Int32& affectedRow, Int64& insertedId)
   在 MySql.Data.MySqlClient.Driver.NextResult(Int32 statementId, Boolean force)
   在 MySql.Data.MySqlClient.MySqlDataReader.NextResult()
   在 MySql.Data.MySqlClient.MySqlCommand.ExecuteReader(CommandBehavior behavior)
   在 MySql.Data.MySqlClient.MySqlCommand.ExecuteNonQuery()
   在 DALSA.SaperaLT.Demos.NET.CSharp.MultiBoardSyncGrabDemo.MultiBoardSyncGrabDemoDlg.ExecuteBatchSql(List`1 SQLStringList) 位置 C:\Users\Administrator\Desktop\东蒙190624\东蒙1906191\MultiBoardSyncGrabDemoDlg.cs:行号 4970
触发方法：MySql.Data.MySqlClient.MySqlPacket ReadPacket()

