当前时间：2019/6/11 23:05:42
异常信息：Operation time out.
Please check the camera power and its cable.
异常对象：XJaiLT400CL Control
调用堆栈：
在 System.RuntimeType.ForwardCallToInvokeMember(String memberName, BindingFlags flags, Object target, Int32[] aWrapperTypes, MessageData& msgData)
   在 XJaiLT400CLLib._DXJaiLT400CL.StartCommunication(Int32 nClass, Int32 nPort)
   在 AxXJaiLT400CLLib.AxXJaiLT400CL.StartCommunication(Int32 nClass, Int32 nPort)
   在 DALSA.SaperaLT.Demos.NET.CSharp.MultiBoardSyncGrabDemo.MultiBoardSyncGrabDemoDlg..ctor() 位置 C:\Users\Administrator\Desktop\东蒙190611\MultiBoardSyncGrabDemoDlg.cs:行号 1174
触发方法：System.Object ForwardCallToInvokeMember(System.String, System.Reflection.BindingFlags, System.Object, Int32[], System.Runtime.Remoting.Proxies.MessageData ByRef)

当前时间：2019/6/11 23:05:48
异常信息：Operation time out.
Please check the camera power and its cable.
异常对象：XJaiLT400CL Control
调用堆栈：
在 System.RuntimeType.ForwardCallToInvokeMember(String memberName, BindingFlags flags, Object target, Int32[] aWrapperTypes, MessageData& msgData)
   在 XJaiLT400CLLib._DXJaiLT400CL.StartCommunication(Int32 nClass, Int32 nPort)
   在 AxXJaiLT400CLLib.AxXJaiLT400CL.StartCommunication(Int32 nClass, Int32 nPort)
   在 DALSA.SaperaLT.Demos.NET.CSharp.MultiBoardSyncGrabDemo.MultiBoardSyncGrabDemoDlg..ctor() 位置 C:\Users\Administrator\Desktop\东蒙190611\MultiBoardSyncGrabDemoDlg.cs:行号 1193
触发方法：System.Object ForwardCallToInvokeMember(System.String, System.Reflection.BindingFlags, System.Object, Int32[], System.Runtime.Remoting.Proxies.MessageData ByRef)

当前时间：2019/6/11 23:05:49
异常信息：端口“COM3”不存在。
异常对象：System
调用堆栈：
在 System.IO.Ports.InternalResources.WinIOError(Int32 errorCode, String str)
   在 System.IO.Ports.SerialStream..ctor(String portName, Int32 baudRate, Parity parity, Int32 dataBits, StopBits stopBits, Int32 readTimeout, Int32 writeTimeout, Handshake handshake, Boolean dtrEnable, Boolean rtsEnable, Boolean discardNull, Byte parityReplace)
   在 System.IO.Ports.SerialPort.Open()
   在 DALSA.SaperaLT.Demos.NET.CSharp.MultiBoardSyncGrabDemo.MultiBoardSyncGrabDemoDlg.MultiBoardSyncGrabDemoDlg_Load(Object sender, EventArgs e) 位置 C:\Users\Administrator\Desktop\东蒙190611\MultiBoardSyncGrabDemoDlg.cs:行号 3744
触发方法：Void WinIOError(Int32, System.String)

当前时间：2019/6/11 23:14:36
异常信息：Operation time out.
Please check the camera power and its cable.
异常对象：XJaiLT400CL Control
调用堆栈：
在 System.RuntimeType.ForwardCallToInvokeMember(String memberName, BindingFlags flags, Object target, Int32[] aWrapperTypes, MessageData& msgData)
   在 XJaiLT400CLLib._DXJaiLT400CL.StartCommunication(Int32 nClass, Int32 nPort)
   在 AxXJaiLT400CLLib.AxXJaiLT400CL.StartCommunication(Int32 nClass, Int32 nPort)
   在 DALSA.SaperaLT.Demos.NET.CSharp.MultiBoardSyncGrabDemo.MultiBoardSyncGrabDemoDlg..ctor() 位置 C:\Users\Administrator\Desktop\东蒙190611\MultiBoardSyncGrabDemoDlg.cs:行号 1174
触发方法：System.Object ForwardCallToInvokeMember(System.String, System.Reflection.BindingFlags, System.Object, Int32[], System.Runtime.Remoting.Proxies.MessageData ByRef)

当前时间：2019/6/11 23:14:40
异常信息：Operation time out.
Please check the camera power and its cable.
异常对象：XJaiLT400CL Control
调用堆栈：
在 System.RuntimeType.ForwardCallToInvokeMember(String memberName, BindingFlags flags, Object target, Int32[] aWrapperTypes, MessageData& msgData)
   在 XJaiLT400CLLib._DXJaiLT400CL.StartCommunication(Int32 nClass, Int32 nPort)
   在 AxXJaiLT400CLLib.AxXJaiLT400CL.StartCommunication(Int32 nClass, Int32 nPort)
   在 DALSA.SaperaLT.Demos.NET.CSharp.MultiBoardSyncGrabDemo.MultiBoardSyncGrabDemoDlg..ctor() 位置 C:\Users\Administrator\Desktop\东蒙190611\MultiBoardSyncGrabDemoDlg.cs:行号 1193
触发方法：System.Object ForwardCallToInvokeMember(System.String, System.Reflection.BindingFlags, System.Object, Int32[], System.Runtime.Remoting.Proxies.MessageData ByRef)

当前时间：2019/6/11 23:14:41
异常信息：端口“COM3”不存在。
异常对象：System
调用堆栈：
在 System.IO.Ports.InternalResources.WinIOError(Int32 errorCode, String str)
   在 System.IO.Ports.SerialStream..ctor(String portName, Int32 baudRate, Parity parity, Int32 dataBits, StopBits stopBits, Int32 readTimeout, Int32 writeTimeout, Handshake handshake, Boolean dtrEnable, Boolean rtsEnable, Boolean discardNull, Byte parityReplace)
   在 System.IO.Ports.SerialPort.Open()
   在 DALSA.SaperaLT.Demos.NET.CSharp.MultiBoardSyncGrabDemo.MultiBoardSyncGrabDemoDlg.MultiBoardSyncGrabDemoDlg_Load(Object sender, EventArgs e) 位置 C:\Users\Administrator\Desktop\东蒙190611\MultiBoardSyncGrabDemoDlg.cs:行号 3744
触发方法：Void WinIOError(Int32, System.String)

当前时间：2019/6/11 23:15:41
异常信息：You have an error in your SQL syntax; check the manual that corresponds to your MySQL server version for the right syntax to use near '2019-06-11'' where  ClothNumber=201906111454' at line 1
异常对象：MySql.Data
调用堆栈：
在 MySql.Data.MySqlClient.MySqlStream.ReadPacket()
   在 MySql.Data.MySqlClient.NativeDriver.GetResult(Int32& affectedRow, Int64& insertedId)
   在 MySql.Data.MySqlClient.Driver.NextResult(Int32 statementId, Boolean force)
   在 MySql.Data.MySqlClient.MySqlDataReader.NextResult()
   在 MySql.Data.MySqlClient.MySqlCommand.ExecuteReader(CommandBehavior behavior)
   在 MySql.Data.MySqlClient.MySqlCommand.ExecuteNonQuery()
   在 DALSA.SaperaLT.Demos.NET.CSharp.MultiBoardSyncGrabDemo.MultiBoardSyncGrabDemoDlg.ExecuteBatchSql(List`1 SQLStringList) 位置 C:\Users\Administrator\Desktop\东蒙190611\MultiBoardSyncGrabDemoDlg.cs:行号 4795
触发方法：MySql.Data.MySqlClient.MySqlPacket ReadPacket()

当前时间：2019/6/11 23:15:41
异常信息：You have an error in your SQL syntax; check the manual that corresponds to your MySQL server version for the right syntax to use near '11:15:41'' where  ClothNumber=201906111454' at line 1
异常对象：MySql.Data
调用堆栈：
在 MySql.Data.MySqlClient.MySqlStream.ReadPacket()
   在 MySql.Data.MySqlClient.NativeDriver.GetResult(Int32& affectedRow, Int64& insertedId)
   在 MySql.Data.MySqlClient.Driver.NextResult(Int32 statementId, Boolean force)
   在 MySql.Data.MySqlClient.MySqlDataReader.NextResult()
   在 MySql.Data.MySqlClient.MySqlCommand.ExecuteReader(CommandBehavior behavior)
   在 MySql.Data.MySqlClient.MySqlCommand.ExecuteNonQuery()
   在 DALSA.SaperaLT.Demos.NET.CSharp.MultiBoardSyncGrabDemo.MultiBoardSyncGrabDemoDlg.ExecuteBatchSql(List`1 SQLStringList) 位置 C:\Users\Administrator\Desktop\东蒙190611\MultiBoardSyncGrabDemoDlg.cs:行号 4795
触发方法：MySql.Data.MySqlClient.MySqlPacket ReadPacket()

当前时间：2019/6/11 23:16:34
异常信息：You have an error in your SQL syntax; check the manual that corresponds to your MySQL server version for the right syntax to use near 'D:/布匹色差检测图片存档/2019年6月11日/201906111454/检测图/2.jpg'' at line 1
异常对象：MySql.Data
调用堆栈：
在 MySql.Data.MySqlClient.MySqlStream.ReadPacket()
   在 MySql.Data.MySqlClient.NativeDriver.GetResult(Int32& affectedRow, Int64& insertedId)
   在 MySql.Data.MySqlClient.Driver.NextResult(Int32 statementId, Boolean force)
   在 MySql.Data.MySqlClient.MySqlDataReader.NextResult()
   在 MySql.Data.MySqlClient.MySqlCommand.ExecuteReader(CommandBehavior behavior)
   在 MySql.Data.MySqlClient.MySqlCommand.ExecuteNonQuery()
   在 DALSA.SaperaLT.Demos.NET.CSharp.MultiBoardSyncGrabDemo.MultiBoardSyncGrabDemoDlg.ExecuteBatchSql(List`1 SQLStringList) 位置 C:\Users\Administrator\Desktop\东蒙190611\MultiBoardSyncGrabDemoDlg.cs:行号 4795
触发方法：MySql.Data.MySqlClient.MySqlPacket ReadPacket()

当前时间：2019/6/11 23:16:35
异常信息：You have an error in your SQL syntax; check the manual that corresponds to your MySQL server version for the right syntax to use near 'D:/布匹色差检测图片存档/2019年6月11日/201906111454/原图/2.jpg'' w' at line 1
异常对象：MySql.Data
调用堆栈：
在 MySql.Data.MySqlClient.MySqlStream.ReadPacket()
   在 MySql.Data.MySqlClient.NativeDriver.GetResult(Int32& affectedRow, Int64& insertedId)
   在 MySql.Data.MySqlClient.Driver.NextResult(Int32 statementId, Boolean force)
   在 MySql.Data.MySqlClient.MySqlDataReader.NextResult()
   在 MySql.Data.MySqlClient.MySqlCommand.ExecuteReader(CommandBehavior behavior)
   在 MySql.Data.MySqlClient.MySqlCommand.ExecuteNonQuery()
   在 DALSA.SaperaLT.Demos.NET.CSharp.MultiBoardSyncGrabDemo.MultiBoardSyncGrabDemoDlg.ExecuteBatchSql(List`1 SQLStringList) 位置 C:\Users\Administrator\Desktop\东蒙190611\MultiBoardSyncGrabDemoDlg.cs:行号 4795
触发方法：MySql.Data.MySqlClient.MySqlPacket ReadPacket()

当前时间：2019/6/11 23:17:05
异常信息：You have an error in your SQL syntax; check the manual that corresponds to your MySQL server version for the right syntax to use near '11:17:05'' where  ClothNumber=201906111454' at line 1
异常对象：MySql.Data
调用堆栈：
在 MySql.Data.MySqlClient.MySqlStream.ReadPacket()
   在 MySql.Data.MySqlClient.NativeDriver.GetResult(Int32& affectedRow, Int64& insertedId)
   在 MySql.Data.MySqlClient.Driver.NextResult(Int32 statementId, Boolean force)
   在 MySql.Data.MySqlClient.MySqlDataReader.NextResult()
   在 MySql.Data.MySqlClient.MySqlCommand.ExecuteReader(CommandBehavior behavior)
   在 MySql.Data.MySqlClient.MySqlCommand.ExecuteNonQuery()
   在 DALSA.SaperaLT.Demos.NET.CSharp.MultiBoardSyncGrabDemo.MultiBoardSyncGrabDemoDlg.ExecuteBatchSql(List`1 SQLStringList) 位置 C:\Users\Administrator\Desktop\东蒙190611\MultiBoardSyncGrabDemoDlg.cs:行号 4795
触发方法：MySql.Data.MySqlClient.MySqlPacket ReadPacket()

当前时间：2019/6/11 23:20:39
异常信息：Operation time out.
Please check the camera power and its cable.
触发方法：System.Object ForwardCallToInvokeMember(System.String, System.Reflection.BindingFlags, System.Object, Int32[], System.Runtime.Remoting.Proxies.MessageData ByRef)

当前时间：2019/6/11 23:20:45
异常信息：Operation time out.
Please check the camera power and its cable.
触发方法：System.Object ForwardCallToInvokeMember(System.String, System.Reflection.BindingFlags, System.Object, Int32[], System.Runtime.Remoting.Proxies.MessageData ByRef)

当前时间：2019/6/11 23:20:45
异常信息：端口“COM3”不存在。
触发方法：Void WinIOError(Int32, System.String)

当前时间：2019/6/11 23:22:00
异常信息：Duplicate entry '201906111454' for key 'PRIMARY'
触发方法：MySql.Data.MySqlClient.MySqlPacket ReadPacket()

当前时间：2019/6/11 23:22:57
异常信息：You have an error in your SQL syntax; check the manual that corresponds to your MySQL server version for the right syntax to use near 'jpg' where  ClothNumber=201906111454' at line 1
触发方法：MySql.Data.MySqlClient.MySqlPacket ReadPacket()

当前时间：2019/6/11 23:22:57
异常信息：You have an error in your SQL syntax; check the manual that corresponds to your MySQL server version for the right syntax to use near 'jpg' where  ClothNumber=201906111454 and  MeterNumber=2' at line 1
触发方法：MySql.Data.MySqlClient.MySqlPacket ReadPacket()

当前时间：2019/6/11 23:30:19
异常信息：Operation time out.
Please check the camera power and its cable.
触发方法：System.Object ForwardCallToInvokeMember(System.String, System.Reflection.BindingFlags, System.Object, Int32[], System.Runtime.Remoting.Proxies.MessageData ByRef)

当前时间：2019/6/11 23:30:22
异常信息：Operation time out.
Please check the camera power and its cable.
触发方法：System.Object ForwardCallToInvokeMember(System.String, System.Reflection.BindingFlags, System.Object, Int32[], System.Runtime.Remoting.Proxies.MessageData ByRef)

当前时间：2019/6/11 23:30:22
异常信息：端口“COM3”不存在。
触发方法：Void WinIOError(Int32, System.String)

当前时间：2019/6/11 23:31:19
异常信息：Duplicate entry '201906111454' for key 'PRIMARY'
触发方法：MySql.Data.MySqlClient.MySqlPacket ReadPacket()

当前时间：2019/6/11 23:34:37
异常信息：Operation time out.
Please check the camera power and its cable.
触发方法：System.Object ForwardCallToInvokeMember(System.String, System.Reflection.BindingFlags, System.Object, Int32[], System.Runtime.Remoting.Proxies.MessageData ByRef)

当前时间：2019/6/11 23:34:43
异常信息：Operation time out.
Please check the camera power and its cable.
触发方法：System.Object ForwardCallToInvokeMember(System.String, System.Reflection.BindingFlags, System.Object, Int32[], System.Runtime.Remoting.Proxies.MessageData ByRef)

当前时间：2019/6/11 23:34:43
异常信息：端口“COM3”不存在。
触发方法：Void WinIOError(Int32, System.String)

当前时间：2019/6/11 23:37:00
异常信息：Duplicate entry '201906111454' for key 'PRIMARY'
触发方法：MySql.Data.MySqlClient.MySqlPacket ReadPacket()

