当前时间：2019/6/3 13:46:37
异常信息：HALCON error #5235: Wrong graphic format in operator read_image
异常对象：halcondotnet
调用堆栈：
在 HalconDotNet.HOperatorException.throwOperator(Int32 err, Int32 procIndex)
   在 HalconDotNet.HalconAPI.PostCall(IntPtr proc, Int32 procResult)
   在 HalconDotNet.HOperatorSet.ReadImage(HObject& image, HTuple fileName)
   在 DALSA.SaperaLT.Demos.NET.CSharp.MultiBoardSyncGrabDemo.MultiBoardSyncGrabDemoDlg.halcon_Click(Object sender, EventArgs e) 位置 C:\Users\Administrator\Desktop\东蒙190602\MultiBoardSyncGrabDemoDlg.cs:行号 3868
触发方法：Void throwOperator(Int32, Int32)

当前时间：2019/6/3 13:47:17
异常信息：HALCON error #5235: Wrong graphic format in operator read_image
异常对象：halcondotnet
调用堆栈：
在 HalconDotNet.HOperatorException.throwOperator(Int32 err, Int32 procIndex)
   在 HalconDotNet.HalconAPI.PostCall(IntPtr proc, Int32 procResult)
   在 HalconDotNet.HOperatorSet.ReadImage(HObject& image, HTuple fileName)
   在 DALSA.SaperaLT.Demos.NET.CSharp.MultiBoardSyncGrabDemo.MultiBoardSyncGrabDemoDlg.halcon_Click(Object sender, EventArgs e) 位置 C:\Users\Administrator\Desktop\东蒙190602\MultiBoardSyncGrabDemoDlg.cs:行号 3868
触发方法：Void throwOperator(Int32, Int32)

当前时间：2019/6/3 13:47:53
异常信息：Operation time out.
Please check the camera power and its cable.
异常对象：XJaiLT400CL Control
调用堆栈：
在 System.RuntimeType.ForwardCallToInvokeMember(String memberName, BindingFlags flags, Object target, Int32[] aWrapperTypes, MessageData& msgData)
   在 XJaiLT400CLLib._DXJaiLT400CL.StartCommunication(Int32 nClass, Int32 nPort)
   在 AxXJaiLT400CLLib.AxXJaiLT400CL.StartCommunication(Int32 nClass, Int32 nPort)
   在 DALSA.SaperaLT.Demos.NET.CSharp.MultiBoardSyncGrabDemo.MultiBoardSyncGrabDemoDlg..ctor() 位置 C:\Users\Administrator\Desktop\东蒙190602\MultiBoardSyncGrabDemoDlg.cs:行号 1091
触发方法：System.Object ForwardCallToInvokeMember(System.String, System.Reflection.BindingFlags, System.Object, Int32[], System.Runtime.Remoting.Proxies.MessageData ByRef)

当前时间：2019/6/3 13:47:53
异常信息：端口“COM3”不存在。
异常对象：System
调用堆栈：
在 System.IO.Ports.InternalResources.WinIOError(Int32 errorCode, String str)
   在 System.IO.Ports.SerialStream..ctor(String portName, Int32 baudRate, Parity parity, Int32 dataBits, StopBits stopBits, Int32 readTimeout, Int32 writeTimeout, Handshake handshake, Boolean dtrEnable, Boolean rtsEnable, Boolean discardNull, Byte parityReplace)
   在 System.IO.Ports.SerialPort.Open()
   在 DALSA.SaperaLT.Demos.NET.CSharp.MultiBoardSyncGrabDemo.MultiBoardSyncGrabDemoDlg.MultiBoardSyncGrabDemoDlg_Load(Object sender, EventArgs e) 位置 C:\Users\Administrator\Desktop\东蒙190602\MultiBoardSyncGrabDemoDlg.cs:行号 3583
触发方法：Void WinIOError(Int32, System.String)

当前时间：2019/6/3 13:47:53
异常信息：给定的端口名称未以 COM/com 开头或未解析为有效的串行端口。
参数名: portName
异常对象：System
调用堆栈：
在 System.IO.Ports.SerialStream..ctor(String portName, Int32 baudRate, Parity parity, Int32 dataBits, StopBits stopBits, Int32 readTimeout, Int32 writeTimeout, Handshake handshake, Boolean dtrEnable, Boolean rtsEnable, Boolean discardNull, Byte parityReplace)
   在 System.IO.Ports.SerialPort.Open()
   在 DALSA.SaperaLT.Demos.NET.CSharp.MultiBoardSyncGrabDemo.MultiBoardSyncGrabDemoDlg.MultiBoardSyncGrabDemoDlg_Load(Object sender, EventArgs e) 位置 C:\Users\Administrator\Desktop\东蒙190602\MultiBoardSyncGrabDemoDlg.cs:行号 3592
触发方法：Void .ctor(System.String, Int32, System.IO.Ports.Parity, Int32, System.IO.Ports.StopBits, Int32, Int32, System.IO.Ports.Handshake, Boolean, Boolean, Boolean, Byte)

当前时间：2019/6/3 13:47:53
异常信息：给定的端口名称未以 COM/com 开头或未解析为有效的串行端口。
参数名: portName
异常对象：System
调用堆栈：
在 System.IO.Ports.SerialStream..ctor(String portName, Int32 baudRate, Parity parity, Int32 dataBits, StopBits stopBits, Int32 readTimeout, Int32 writeTimeout, Handshake handshake, Boolean dtrEnable, Boolean rtsEnable, Boolean discardNull, Byte parityReplace)
   在 System.IO.Ports.SerialPort.Open()
   在 DALSA.SaperaLT.Demos.NET.CSharp.MultiBoardSyncGrabDemo.MultiBoardSyncGrabDemoDlg.MultiBoardSyncGrabDemoDlg_Load(Object sender, EventArgs e) 位置 C:\Users\Administrator\Desktop\东蒙190602\MultiBoardSyncGrabDemoDlg.cs:行号 3601
触发方法：Void .ctor(System.String, Int32, System.IO.Ports.Parity, Int32, System.IO.Ports.StopBits, Int32, Int32, System.IO.Ports.Handshake, Boolean, Boolean, Boolean, Byte)

当前时间：2019/6/3 13:47:57
异常信息：Duplicate entry '201906034757' for key 'PRIMARY'
异常对象：MySql.Data
调用堆栈：
在 MySql.Data.MySqlClient.MySqlStream.ReadPacket()
   在 MySql.Data.MySqlClient.NativeDriver.GetResult(Int32& affectedRow, Int64& insertedId)
   在 MySql.Data.MySqlClient.Driver.NextResult(Int32 statementId, Boolean force)
   在 MySql.Data.MySqlClient.MySqlDataReader.NextResult()
   在 MySql.Data.MySqlClient.MySqlCommand.ExecuteReader(CommandBehavior behavior)
   在 MySql.Data.MySqlClient.MySqlCommand.ExecuteNonQuery()
   在 DALSA.SaperaLT.Demos.NET.CSharp.MultiBoardSyncGrabDemo.MultiBoardSyncGrabDemoDlg.ExecuteBatchSql(List`1 SQLStringList) 位置 C:\Users\Administrator\Desktop\东蒙190602\MultiBoardSyncGrabDemoDlg.cs:行号 4566
触发方法：MySql.Data.MySqlClient.MySqlPacket ReadPacket()

当前时间：2019/6/3 13:47:57
异常信息：Duplicate entry '201906034757' for key 'PRIMARY'
异常对象：MySql.Data
调用堆栈：
在 MySql.Data.MySqlClient.MySqlStream.ReadPacket()
   在 MySql.Data.MySqlClient.NativeDriver.GetResult(Int32& affectedRow, Int64& insertedId)
   在 MySql.Data.MySqlClient.Driver.NextResult(Int32 statementId, Boolean force)
   在 MySql.Data.MySqlClient.MySqlDataReader.NextResult()
   在 MySql.Data.MySqlClient.MySqlCommand.ExecuteReader(CommandBehavior behavior)
   在 MySql.Data.MySqlClient.MySqlCommand.ExecuteNonQuery()
   在 DALSA.SaperaLT.Demos.NET.CSharp.MultiBoardSyncGrabDemo.MultiBoardSyncGrabDemoDlg.ExecuteBatchSql(List`1 SQLStringList) 位置 C:\Users\Administrator\Desktop\东蒙190602\MultiBoardSyncGrabDemoDlg.cs:行号 4566
触发方法：MySql.Data.MySqlClient.MySqlPacket ReadPacket()

当前时间：2019/6/3 13:47:57
异常信息：Duplicate entry '201906034757' for key 'PRIMARY'
异常对象：MySql.Data
调用堆栈：
在 MySql.Data.MySqlClient.MySqlStream.ReadPacket()
   在 MySql.Data.MySqlClient.NativeDriver.GetResult(Int32& affectedRow, Int64& insertedId)
   在 MySql.Data.MySqlClient.Driver.NextResult(Int32 statementId, Boolean force)
   在 MySql.Data.MySqlClient.MySqlDataReader.NextResult()
   在 MySql.Data.MySqlClient.MySqlCommand.ExecuteReader(CommandBehavior behavior)
   在 MySql.Data.MySqlClient.MySqlCommand.ExecuteNonQuery()
   在 DALSA.SaperaLT.Demos.NET.CSharp.MultiBoardSyncGrabDemo.MultiBoardSyncGrabDemoDlg.ExecuteBatchSql(List`1 SQLStringList) 位置 C:\Users\Administrator\Desktop\东蒙190602\MultiBoardSyncGrabDemoDlg.cs:行号 4566
触发方法：MySql.Data.MySqlClient.MySqlPacket ReadPacket()

当前时间：2019/6/3 13:47:58
异常信息：Duplicate entry '201906034757' for key 'PRIMARY'
异常对象：MySql.Data
调用堆栈：
在 MySql.Data.MySqlClient.MySqlStream.ReadPacket()
   在 MySql.Data.MySqlClient.NativeDriver.GetResult(Int32& affectedRow, Int64& insertedId)
   在 MySql.Data.MySqlClient.Driver.NextResult(Int32 statementId, Boolean force)
   在 MySql.Data.MySqlClient.MySqlDataReader.NextResult()
   在 MySql.Data.MySqlClient.MySqlCommand.ExecuteReader(CommandBehavior behavior)
   在 MySql.Data.MySqlClient.MySqlCommand.ExecuteNonQuery()
   在 DALSA.SaperaLT.Demos.NET.CSharp.MultiBoardSyncGrabDemo.MultiBoardSyncGrabDemoDlg.ExecuteBatchSql(List`1 SQLStringList) 位置 C:\Users\Administrator\Desktop\东蒙190602\MultiBoardSyncGrabDemoDlg.cs:行号 4566
触发方法：MySql.Data.MySqlClient.MySqlPacket ReadPacket()

当前时间：2019/6/3 13:47:58
异常信息：Duplicate entry '201906034757' for key 'PRIMARY'
异常对象：MySql.Data
调用堆栈：
在 MySql.Data.MySqlClient.MySqlStream.ReadPacket()
   在 MySql.Data.MySqlClient.NativeDriver.GetResult(Int32& affectedRow, Int64& insertedId)
   在 MySql.Data.MySqlClient.Driver.NextResult(Int32 statementId, Boolean force)
   在 MySql.Data.MySqlClient.MySqlDataReader.NextResult()
   在 MySql.Data.MySqlClient.MySqlCommand.ExecuteReader(CommandBehavior behavior)
   在 MySql.Data.MySqlClient.MySqlCommand.ExecuteNonQuery()
   在 DALSA.SaperaLT.Demos.NET.CSharp.MultiBoardSyncGrabDemo.MultiBoardSyncGrabDemoDlg.ExecuteBatchSql(List`1 SQLStringList) 位置 C:\Users\Administrator\Desktop\东蒙190602\MultiBoardSyncGrabDemoDlg.cs:行号 4566
触发方法：MySql.Data.MySqlClient.MySqlPacket ReadPacket()

当前时间：2019/6/3 13:47:58
异常信息：Duplicate entry '201906034757' for key 'PRIMARY'
异常对象：MySql.Data
调用堆栈：
在 MySql.Data.MySqlClient.MySqlStream.ReadPacket()
   在 MySql.Data.MySqlClient.NativeDriver.GetResult(Int32& affectedRow, Int64& insertedId)
   在 MySql.Data.MySqlClient.Driver.NextResult(Int32 statementId, Boolean force)
   在 MySql.Data.MySqlClient.MySqlDataReader.NextResult()
   在 MySql.Data.MySqlClient.MySqlCommand.ExecuteReader(CommandBehavior behavior)
   在 MySql.Data.MySqlClient.MySqlCommand.ExecuteNonQuery()
   在 DALSA.SaperaLT.Demos.NET.CSharp.MultiBoardSyncGrabDemo.MultiBoardSyncGrabDemoDlg.ExecuteBatchSql(List`1 SQLStringList) 位置 C:\Users\Administrator\Desktop\东蒙190602\MultiBoardSyncGrabDemoDlg.cs:行号 4566
触发方法：MySql.Data.MySqlClient.MySqlPacket ReadPacket()

当前时间：2019/6/3 13:47:58
异常信息：Duplicate entry '201906034757' for key 'PRIMARY'
异常对象：MySql.Data
调用堆栈：
在 MySql.Data.MySqlClient.MySqlStream.ReadPacket()
   在 MySql.Data.MySqlClient.NativeDriver.GetResult(Int32& affectedRow, Int64& insertedId)
   在 MySql.Data.MySqlClient.Driver.NextResult(Int32 statementId, Boolean force)
   在 MySql.Data.MySqlClient.MySqlDataReader.NextResult()
   在 MySql.Data.MySqlClient.MySqlCommand.ExecuteReader(CommandBehavior behavior)
   在 MySql.Data.MySqlClient.MySqlCommand.ExecuteNonQuery()
   在 DALSA.SaperaLT.Demos.NET.CSharp.MultiBoardSyncGrabDemo.MultiBoardSyncGrabDemoDlg.ExecuteBatchSql(List`1 SQLStringList) 位置 C:\Users\Administrator\Desktop\东蒙190602\MultiBoardSyncGrabDemoDlg.cs:行号 4566
触发方法：MySql.Data.MySqlClient.MySqlPacket ReadPacket()

当前时间：2019/6/3 13:47:59
异常信息：Duplicate entry '201906034757' for key 'PRIMARY'
异常对象：MySql.Data
调用堆栈：
在 MySql.Data.MySqlClient.MySqlStream.ReadPacket()
   在 MySql.Data.MySqlClient.NativeDriver.GetResult(Int32& affectedRow, Int64& insertedId)
   在 MySql.Data.MySqlClient.Driver.NextResult(Int32 statementId, Boolean force)
   在 MySql.Data.MySqlClient.MySqlDataReader.NextResult()
   在 MySql.Data.MySqlClient.MySqlCommand.ExecuteReader(CommandBehavior behavior)
   在 MySql.Data.MySqlClient.MySqlCommand.ExecuteNonQuery()
   在 DALSA.SaperaLT.Demos.NET.CSharp.MultiBoardSyncGrabDemo.MultiBoardSyncGrabDemoDlg.ExecuteBatchSql(List`1 SQLStringList) 位置 C:\Users\Administrator\Desktop\东蒙190602\MultiBoardSyncGrabDemoDlg.cs:行号 4566
触发方法：MySql.Data.MySqlClient.MySqlPacket ReadPacket()

当前时间：2019/6/3 13:47:59
异常信息：Duplicate entry '201906034757' for key 'PRIMARY'
异常对象：MySql.Data
调用堆栈：
在 MySql.Data.MySqlClient.MySqlStream.ReadPacket()
   在 MySql.Data.MySqlClient.NativeDriver.GetResult(Int32& affectedRow, Int64& insertedId)
   在 MySql.Data.MySqlClient.Driver.NextResult(Int32 statementId, Boolean force)
   在 MySql.Data.MySqlClient.MySqlDataReader.NextResult()
   在 MySql.Data.MySqlClient.MySqlCommand.ExecuteReader(CommandBehavior behavior)
   在 MySql.Data.MySqlClient.MySqlCommand.ExecuteNonQuery()
   在 DALSA.SaperaLT.Demos.NET.CSharp.MultiBoardSyncGrabDemo.MultiBoardSyncGrabDemoDlg.ExecuteBatchSql(List`1 SQLStringList) 位置 C:\Users\Administrator\Desktop\东蒙190602\MultiBoardSyncGrabDemoDlg.cs:行号 4566
触发方法：MySql.Data.MySqlClient.MySqlPacket ReadPacket()

当前时间：2019/6/3 13:48:00
异常信息：Duplicate entry '201906034757' for key 'PRIMARY'
异常对象：MySql.Data
调用堆栈：
在 MySql.Data.MySqlClient.MySqlStream.ReadPacket()
   在 MySql.Data.MySqlClient.NativeDriver.GetResult(Int32& affectedRow, Int64& insertedId)
   在 MySql.Data.MySqlClient.Driver.NextResult(Int32 statementId, Boolean force)
   在 MySql.Data.MySqlClient.MySqlDataReader.NextResult()
   在 MySql.Data.MySqlClient.MySqlCommand.ExecuteReader(CommandBehavior behavior)
   在 MySql.Data.MySqlClient.MySqlCommand.ExecuteNonQuery()
   在 DALSA.SaperaLT.Demos.NET.CSharp.MultiBoardSyncGrabDemo.MultiBoardSyncGrabDemoDlg.ExecuteBatchSql(List`1 SQLStringList) 位置 C:\Users\Administrator\Desktop\东蒙190602\MultiBoardSyncGrabDemoDlg.cs:行号 4566
触发方法：MySql.Data.MySqlClient.MySqlPacket ReadPacket()

当前时间：2019/6/3 13:48:00
异常信息：Duplicate entry '201906034757' for key 'PRIMARY'
异常对象：MySql.Data
调用堆栈：
在 MySql.Data.MySqlClient.MySqlStream.ReadPacket()
   在 MySql.Data.MySqlClient.NativeDriver.GetResult(Int32& affectedRow, Int64& insertedId)
   在 MySql.Data.MySqlClient.Driver.NextResult(Int32 statementId, Boolean force)
   在 MySql.Data.MySqlClient.MySqlDataReader.NextResult()
   在 MySql.Data.MySqlClient.MySqlCommand.ExecuteReader(CommandBehavior behavior)
   在 MySql.Data.MySqlClient.MySqlCommand.ExecuteNonQuery()
   在 DALSA.SaperaLT.Demos.NET.CSharp.MultiBoardSyncGrabDemo.MultiBoardSyncGrabDemoDlg.ExecuteBatchSql(List`1 SQLStringList) 位置 C:\Users\Administrator\Desktop\东蒙190602\MultiBoardSyncGrabDemoDlg.cs:行号 4566
触发方法：MySql.Data.MySqlClient.MySqlPacket ReadPacket()

当前时间：2019/6/3 13:48:00
异常信息：Duplicate entry '201906034757' for key 'PRIMARY'
异常对象：MySql.Data
调用堆栈：
在 MySql.Data.MySqlClient.MySqlStream.ReadPacket()
   在 MySql.Data.MySqlClient.NativeDriver.GetResult(Int32& affectedRow, Int64& insertedId)
   在 MySql.Data.MySqlClient.Driver.NextResult(Int32 statementId, Boolean force)
   在 MySql.Data.MySqlClient.MySqlDataReader.NextResult()
   在 MySql.Data.MySqlClient.MySqlCommand.ExecuteReader(CommandBehavior behavior)
   在 MySql.Data.MySqlClient.MySqlCommand.ExecuteNonQuery()
   在 DALSA.SaperaLT.Demos.NET.CSharp.MultiBoardSyncGrabDemo.MultiBoardSyncGrabDemoDlg.ExecuteBatchSql(List`1 SQLStringList) 位置 C:\Users\Administrator\Desktop\东蒙190602\MultiBoardSyncGrabDemoDlg.cs:行号 4566
触发方法：MySql.Data.MySqlClient.MySqlPacket ReadPacket()

当前时间：2019/6/3 13:48:00
异常信息：Duplicate entry '201906034757' for key 'PRIMARY'
异常对象：MySql.Data
调用堆栈：
在 MySql.Data.MySqlClient.MySqlStream.ReadPacket()
   在 MySql.Data.MySqlClient.NativeDriver.GetResult(Int32& affectedRow, Int64& insertedId)
   在 MySql.Data.MySqlClient.Driver.NextResult(Int32 statementId, Boolean force)
   在 MySql.Data.MySqlClient.MySqlDataReader.NextResult()
   在 MySql.Data.MySqlClient.MySqlCommand.ExecuteReader(CommandBehavior behavior)
   在 MySql.Data.MySqlClient.MySqlCommand.ExecuteNonQuery()
   在 DALSA.SaperaLT.Demos.NET.CSharp.MultiBoardSyncGrabDemo.MultiBoardSyncGrabDemoDlg.ExecuteBatchSql(List`1 SQLStringList) 位置 C:\Users\Administrator\Desktop\东蒙190602\MultiBoardSyncGrabDemoDlg.cs:行号 4566
触发方法：MySql.Data.MySqlClient.MySqlPacket ReadPacket()

当前时间：2019/6/3 13:48:01
异常信息：Duplicate entry '201906034757' for key 'PRIMARY'
异常对象：MySql.Data
调用堆栈：
在 MySql.Data.MySqlClient.MySqlStream.ReadPacket()
   在 MySql.Data.MySqlClient.NativeDriver.GetResult(Int32& affectedRow, Int64& insertedId)
   在 MySql.Data.MySqlClient.Driver.NextResult(Int32 statementId, Boolean force)
   在 MySql.Data.MySqlClient.MySqlDataReader.NextResult()
   在 MySql.Data.MySqlClient.MySqlCommand.ExecuteReader(CommandBehavior behavior)
   在 MySql.Data.MySqlClient.MySqlCommand.ExecuteNonQuery()
   在 DALSA.SaperaLT.Demos.NET.CSharp.MultiBoardSyncGrabDemo.MultiBoardSyncGrabDemoDlg.ExecuteBatchSql(List`1 SQLStringList) 位置 C:\Users\Administrator\Desktop\东蒙190602\MultiBoardSyncGrabDemoDlg.cs:行号 4566
触发方法：MySql.Data.MySqlClient.MySqlPacket ReadPacket()

当前时间：2019/6/3 13:48:01
异常信息：Duplicate entry '201906034757' for key 'PRIMARY'
异常对象：MySql.Data
调用堆栈：
在 MySql.Data.MySqlClient.MySqlStream.ReadPacket()
   在 MySql.Data.MySqlClient.NativeDriver.GetResult(Int32& affectedRow, Int64& insertedId)
   在 MySql.Data.MySqlClient.Driver.NextResult(Int32 statementId, Boolean force)
   在 MySql.Data.MySqlClient.MySqlDataReader.NextResult()
   在 MySql.Data.MySqlClient.MySqlCommand.ExecuteReader(CommandBehavior behavior)
   在 MySql.Data.MySqlClient.MySqlCommand.ExecuteNonQuery()
   在 DALSA.SaperaLT.Demos.NET.CSharp.MultiBoardSyncGrabDemo.MultiBoardSyncGrabDemoDlg.ExecuteBatchSql(List`1 SQLStringList) 位置 C:\Users\Administrator\Desktop\东蒙190602\MultiBoardSyncGrabDemoDlg.cs:行号 4566
触发方法：MySql.Data.MySqlClient.MySqlPacket ReadPacket()

当前时间：2019/6/3 13:48:02
异常信息：Duplicate entry '201906034757' for key 'PRIMARY'
异常对象：MySql.Data
调用堆栈：
在 MySql.Data.MySqlClient.MySqlStream.ReadPacket()
   在 MySql.Data.MySqlClient.NativeDriver.GetResult(Int32& affectedRow, Int64& insertedId)
   在 MySql.Data.MySqlClient.Driver.NextResult(Int32 statementId, Boolean force)
   在 MySql.Data.MySqlClient.MySqlDataReader.NextResult()
   在 MySql.Data.MySqlClient.MySqlCommand.ExecuteReader(CommandBehavior behavior)
   在 MySql.Data.MySqlClient.MySqlCommand.ExecuteNonQuery()
   在 DALSA.SaperaLT.Demos.NET.CSharp.MultiBoardSyncGrabDemo.MultiBoardSyncGrabDemoDlg.ExecuteBatchSql(List`1 SQLStringList) 位置 C:\Users\Administrator\Desktop\东蒙190602\MultiBoardSyncGrabDemoDlg.cs:行号 4566
触发方法：MySql.Data.MySqlClient.MySqlPacket ReadPacket()

当前时间：2019/6/3 13:48:02
异常信息：Duplicate entry '201906034757' for key 'PRIMARY'
异常对象：MySql.Data
调用堆栈：
在 MySql.Data.MySqlClient.MySqlStream.ReadPacket()
   在 MySql.Data.MySqlClient.NativeDriver.GetResult(Int32& affectedRow, Int64& insertedId)
   在 MySql.Data.MySqlClient.Driver.NextResult(Int32 statementId, Boolean force)
   在 MySql.Data.MySqlClient.MySqlDataReader.NextResult()
   在 MySql.Data.MySqlClient.MySqlCommand.ExecuteReader(CommandBehavior behavior)
   在 MySql.Data.MySqlClient.MySqlCommand.ExecuteNonQuery()
   在 DALSA.SaperaLT.Demos.NET.CSharp.MultiBoardSyncGrabDemo.MultiBoardSyncGrabDemoDlg.ExecuteBatchSql(List`1 SQLStringList) 位置 C:\Users\Administrator\Desktop\东蒙190602\MultiBoardSyncGrabDemoDlg.cs:行号 4566
触发方法：MySql.Data.MySqlClient.MySqlPacket ReadPacket()

当前时间：2019/6/3 13:48:02
异常信息：Duplicate entry '201906034757' for key 'PRIMARY'
异常对象：MySql.Data
调用堆栈：
在 MySql.Data.MySqlClient.MySqlStream.ReadPacket()
   在 MySql.Data.MySqlClient.NativeDriver.GetResult(Int32& affectedRow, Int64& insertedId)
   在 MySql.Data.MySqlClient.Driver.NextResult(Int32 statementId, Boolean force)
   在 MySql.Data.MySqlClient.MySqlDataReader.NextResult()
   在 MySql.Data.MySqlClient.MySqlCommand.ExecuteReader(CommandBehavior behavior)
   在 MySql.Data.MySqlClient.MySqlCommand.ExecuteNonQuery()
   在 DALSA.SaperaLT.Demos.NET.CSharp.MultiBoardSyncGrabDemo.MultiBoardSyncGrabDemoDlg.ExecuteBatchSql(List`1 SQLStringList) 位置 C:\Users\Administrator\Desktop\东蒙190602\MultiBoardSyncGrabDemoDlg.cs:行号 4566
触发方法：MySql.Data.MySqlClient.MySqlPacket ReadPacket()

当前时间：2019/6/3 13:48:03
异常信息：Duplicate entry '201906034757' for key 'PRIMARY'
异常对象：MySql.Data
调用堆栈：
在 MySql.Data.MySqlClient.MySqlStream.ReadPacket()
   在 MySql.Data.MySqlClient.NativeDriver.GetResult(Int32& affectedRow, Int64& insertedId)
   在 MySql.Data.MySqlClient.Driver.NextResult(Int32 statementId, Boolean force)
   在 MySql.Data.MySqlClient.MySqlDataReader.NextResult()
   在 MySql.Data.MySqlClient.MySqlCommand.ExecuteReader(CommandBehavior behavior)
   在 MySql.Data.MySqlClient.MySqlCommand.ExecuteNonQuery()
   在 DALSA.SaperaLT.Demos.NET.CSharp.MultiBoardSyncGrabDemo.MultiBoardSyncGrabDemoDlg.ExecuteBatchSql(List`1 SQLStringList) 位置 C:\Users\Administrator\Desktop\东蒙190602\MultiBoardSyncGrabDemoDlg.cs:行号 4566
触发方法：MySql.Data.MySqlClient.MySqlPacket ReadPacket()

当前时间：2019/6/3 13:48:03
异常信息：Duplicate entry '201906034757' for key 'PRIMARY'
异常对象：MySql.Data
调用堆栈：
在 MySql.Data.MySqlClient.MySqlStream.ReadPacket()
   在 MySql.Data.MySqlClient.NativeDriver.GetResult(Int32& affectedRow, Int64& insertedId)
   在 MySql.Data.MySqlClient.Driver.NextResult(Int32 statementId, Boolean force)
   在 MySql.Data.MySqlClient.MySqlDataReader.NextResult()
   在 MySql.Data.MySqlClient.MySqlCommand.ExecuteReader(CommandBehavior behavior)
   在 MySql.Data.MySqlClient.MySqlCommand.ExecuteNonQuery()
   在 DALSA.SaperaLT.Demos.NET.CSharp.MultiBoardSyncGrabDemo.MultiBoardSyncGrabDemoDlg.ExecuteBatchSql(List`1 SQLStringList) 位置 C:\Users\Administrator\Desktop\东蒙190602\MultiBoardSyncGrabDemoDlg.cs:行号 4566
触发方法：MySql.Data.MySqlClient.MySqlPacket ReadPacket()

当前时间：2019/6/3 13:48:03
异常信息：Duplicate entry '201906034757' for key 'PRIMARY'
异常对象：MySql.Data
调用堆栈：
在 MySql.Data.MySqlClient.MySqlStream.ReadPacket()
   在 MySql.Data.MySqlClient.NativeDriver.GetResult(Int32& affectedRow, Int64& insertedId)
   在 MySql.Data.MySqlClient.Driver.NextResult(Int32 statementId, Boolean force)
   在 MySql.Data.MySqlClient.MySqlDataReader.NextResult()
   在 MySql.Data.MySqlClient.MySqlCommand.ExecuteReader(CommandBehavior behavior)
   在 MySql.Data.MySqlClient.MySqlCommand.ExecuteNonQuery()
   在 DALSA.SaperaLT.Demos.NET.CSharp.MultiBoardSyncGrabDemo.MultiBoardSyncGrabDemoDlg.ExecuteBatchSql(List`1 SQLStringList) 位置 C:\Users\Administrator\Desktop\东蒙190602\MultiBoardSyncGrabDemoDlg.cs:行号 4566
触发方法：MySql.Data.MySqlClient.MySqlPacket ReadPacket()

当前时间：2019/6/3 13:48:04
异常信息：Duplicate entry '201906034757' for key 'PRIMARY'
异常对象：MySql.Data
调用堆栈：
在 MySql.Data.MySqlClient.MySqlStream.ReadPacket()
   在 MySql.Data.MySqlClient.NativeDriver.GetResult(Int32& affectedRow, Int64& insertedId)
   在 MySql.Data.MySqlClient.Driver.NextResult(Int32 statementId, Boolean force)
   在 MySql.Data.MySqlClient.MySqlDataReader.NextResult()
   在 MySql.Data.MySqlClient.MySqlCommand.ExecuteReader(CommandBehavior behavior)
   在 MySql.Data.MySqlClient.MySqlCommand.ExecuteNonQuery()
   在 DALSA.SaperaLT.Demos.NET.CSharp.MultiBoardSyncGrabDemo.MultiBoardSyncGrabDemoDlg.ExecuteBatchSql(List`1 SQLStringList) 位置 C:\Users\Administrator\Desktop\东蒙190602\MultiBoardSyncGrabDemoDlg.cs:行号 4566
触发方法：MySql.Data.MySqlClient.MySqlPacket ReadPacket()

当前时间：2019/6/3 13:48:04
异常信息：Duplicate entry '201906034757' for key 'PRIMARY'
异常对象：MySql.Data
调用堆栈：
在 MySql.Data.MySqlClient.MySqlStream.ReadPacket()
   在 MySql.Data.MySqlClient.NativeDriver.GetResult(Int32& affectedRow, Int64& insertedId)
   在 MySql.Data.MySqlClient.Driver.NextResult(Int32 statementId, Boolean force)
   在 MySql.Data.MySqlClient.MySqlDataReader.NextResult()
   在 MySql.Data.MySqlClient.MySqlCommand.ExecuteReader(CommandBehavior behavior)
   在 MySql.Data.MySqlClient.MySqlCommand.ExecuteNonQuery()
   在 DALSA.SaperaLT.Demos.NET.CSharp.MultiBoardSyncGrabDemo.MultiBoardSyncGrabDemoDlg.ExecuteBatchSql(List`1 SQLStringList) 位置 C:\Users\Administrator\Desktop\东蒙190602\MultiBoardSyncGrabDemoDlg.cs:行号 4566
触发方法：MySql.Data.MySqlClient.MySqlPacket ReadPacket()

当前时间：2019/6/3 13:48:04
异常信息：Duplicate entry '201906034757' for key 'PRIMARY'
异常对象：MySql.Data
调用堆栈：
在 MySql.Data.MySqlClient.MySqlStream.ReadPacket()
   在 MySql.Data.MySqlClient.NativeDriver.GetResult(Int32& affectedRow, Int64& insertedId)
   在 MySql.Data.MySqlClient.Driver.NextResult(Int32 statementId, Boolean force)
   在 MySql.Data.MySqlClient.MySqlDataReader.NextResult()
   在 MySql.Data.MySqlClient.MySqlCommand.ExecuteReader(CommandBehavior behavior)
   在 MySql.Data.MySqlClient.MySqlCommand.ExecuteNonQuery()
   在 DALSA.SaperaLT.Demos.NET.CSharp.MultiBoardSyncGrabDemo.MultiBoardSyncGrabDemoDlg.ExecuteBatchSql(List`1 SQLStringList) 位置 C:\Users\Administrator\Desktop\东蒙190602\MultiBoardSyncGrabDemoDlg.cs:行号 4566
触发方法：MySql.Data.MySqlClient.MySqlPacket ReadPacket()

当前时间：2019/6/3 13:48:04
异常信息：Duplicate entry '201906034757' for key 'PRIMARY'
异常对象：MySql.Data
调用堆栈：
在 MySql.Data.MySqlClient.MySqlStream.ReadPacket()
   在 MySql.Data.MySqlClient.NativeDriver.GetResult(Int32& affectedRow, Int64& insertedId)
   在 MySql.Data.MySqlClient.Driver.NextResult(Int32 statementId, Boolean force)
   在 MySql.Data.MySqlClient.MySqlDataReader.NextResult()
   在 MySql.Data.MySqlClient.MySqlCommand.ExecuteReader(CommandBehavior behavior)
   在 MySql.Data.MySqlClient.MySqlCommand.ExecuteNonQuery()
   在 DALSA.SaperaLT.Demos.NET.CSharp.MultiBoardSyncGrabDemo.MultiBoardSyncGrabDemoDlg.ExecuteBatchSql(List`1 SQLStringList) 位置 C:\Users\Administrator\Desktop\东蒙190602\MultiBoardSyncGrabDemoDlg.cs:行号 4566
触发方法：MySql.Data.MySqlClient.MySqlPacket ReadPacket()

当前时间：2019/6/3 13:48:04
异常信息：Duplicate entry '201906034757' for key 'PRIMARY'
异常对象：MySql.Data
调用堆栈：
在 MySql.Data.MySqlClient.MySqlStream.ReadPacket()
   在 MySql.Data.MySqlClient.NativeDriver.GetResult(Int32& affectedRow, Int64& insertedId)
   在 MySql.Data.MySqlClient.Driver.NextResult(Int32 statementId, Boolean force)
   在 MySql.Data.MySqlClient.MySqlDataReader.NextResult()
   在 MySql.Data.MySqlClient.MySqlCommand.ExecuteReader(CommandBehavior behavior)
   在 MySql.Data.MySqlClient.MySqlCommand.ExecuteNonQuery()
   在 DALSA.SaperaLT.Demos.NET.CSharp.MultiBoardSyncGrabDemo.MultiBoardSyncGrabDemoDlg.ExecuteBatchSql(List`1 SQLStringList) 位置 C:\Users\Administrator\Desktop\东蒙190602\MultiBoardSyncGrabDemoDlg.cs:行号 4566
触发方法：MySql.Data.MySqlClient.MySqlPacket ReadPacket()

当前时间：2019/6/3 13:48:04
异常信息：Duplicate entry '201906034757' for key 'PRIMARY'
异常对象：MySql.Data
调用堆栈：
在 MySql.Data.MySqlClient.MySqlStream.ReadPacket()
   在 MySql.Data.MySqlClient.NativeDriver.GetResult(Int32& affectedRow, Int64& insertedId)
   在 MySql.Data.MySqlClient.Driver.NextResult(Int32 statementId, Boolean force)
   在 MySql.Data.MySqlClient.MySqlDataReader.NextResult()
   在 MySql.Data.MySqlClient.MySqlCommand.ExecuteReader(CommandBehavior behavior)
   在 MySql.Data.MySqlClient.MySqlCommand.ExecuteNonQuery()
   在 DALSA.SaperaLT.Demos.NET.CSharp.MultiBoardSyncGrabDemo.MultiBoardSyncGrabDemoDlg.ExecuteBatchSql(List`1 SQLStringList) 位置 C:\Users\Administrator\Desktop\东蒙190602\MultiBoardSyncGrabDemoDlg.cs:行号 4566
触发方法：MySql.Data.MySqlClient.MySqlPacket ReadPacket()

当前时间：2019/6/3 13:48:05
异常信息：Duplicate entry '201906034757' for key 'PRIMARY'
异常对象：MySql.Data
调用堆栈：
在 MySql.Data.MySqlClient.MySqlStream.ReadPacket()
   在 MySql.Data.MySqlClient.NativeDriver.GetResult(Int32& affectedRow, Int64& insertedId)
   在 MySql.Data.MySqlClient.Driver.NextResult(Int32 statementId, Boolean force)
   在 MySql.Data.MySqlClient.MySqlDataReader.NextResult()
   在 MySql.Data.MySqlClient.MySqlCommand.ExecuteReader(CommandBehavior behavior)
   在 MySql.Data.MySqlClient.MySqlCommand.ExecuteNonQuery()
   在 DALSA.SaperaLT.Demos.NET.CSharp.MultiBoardSyncGrabDemo.MultiBoardSyncGrabDemoDlg.ExecuteBatchSql(List`1 SQLStringList) 位置 C:\Users\Administrator\Desktop\东蒙190602\MultiBoardSyncGrabDemoDlg.cs:行号 4566
触发方法：MySql.Data.MySqlClient.MySqlPacket ReadPacket()

当前时间：2019/6/3 13:48:05
异常信息：Duplicate entry '201906034757' for key 'PRIMARY'
异常对象：MySql.Data
调用堆栈：
在 MySql.Data.MySqlClient.MySqlStream.ReadPacket()
   在 MySql.Data.MySqlClient.NativeDriver.GetResult(Int32& affectedRow, Int64& insertedId)
   在 MySql.Data.MySqlClient.Driver.NextResult(Int32 statementId, Boolean force)
   在 MySql.Data.MySqlClient.MySqlDataReader.NextResult()
   在 MySql.Data.MySqlClient.MySqlCommand.ExecuteReader(CommandBehavior behavior)
   在 MySql.Data.MySqlClient.MySqlCommand.ExecuteNonQuery()
   在 DALSA.SaperaLT.Demos.NET.CSharp.MultiBoardSyncGrabDemo.MultiBoardSyncGrabDemoDlg.ExecuteBatchSql(List`1 SQLStringList) 位置 C:\Users\Administrator\Desktop\东蒙190602\MultiBoardSyncGrabDemoDlg.cs:行号 4566
触发方法：MySql.Data.MySqlClient.MySqlPacket ReadPacket()

当前时间：2019/6/3 13:48:41
异常信息：HALCON error #5235: Wrong graphic format in operator read_image
异常对象：halcondotnet
调用堆栈：
在 HalconDotNet.HOperatorException.throwOperator(Int32 err, Int32 procIndex)
   在 HalconDotNet.HalconAPI.PostCall(IntPtr proc, Int32 procResult)
   在 HalconDotNet.HOperatorSet.ReadImage(HObject& image, HTuple fileName)
   在 DALSA.SaperaLT.Demos.NET.CSharp.MultiBoardSyncGrabDemo.MultiBoardSyncGrabDemoDlg.halcon_Click(Object sender, EventArgs e) 位置 C:\Users\Administrator\Desktop\东蒙190602\MultiBoardSyncGrabDemoDlg.cs:行号 3868
触发方法：Void throwOperator(Int32, Int32)

当前时间：2019/6/3 14:58:57
异常信息：Operation time out.
Please check the camera power and its cable.
异常对象：XJaiLT400CL Control
调用堆栈：
在 System.RuntimeType.ForwardCallToInvokeMember(String memberName, BindingFlags flags, Object target, Int32[] aWrapperTypes, MessageData& msgData)
   在 XJaiLT400CLLib._DXJaiLT400CL.StartCommunication(Int32 nClass, Int32 nPort)
   在 AxXJaiLT400CLLib.AxXJaiLT400CL.StartCommunication(Int32 nClass, Int32 nPort)
   在 DALSA.SaperaLT.Demos.NET.CSharp.MultiBoardSyncGrabDemo.MultiBoardSyncGrabDemoDlg..ctor() 位置 C:\Users\Administrator\Desktop\东蒙190602\MultiBoardSyncGrabDemoDlg.cs:行号 1091
触发方法：System.Object ForwardCallToInvokeMember(System.String, System.Reflection.BindingFlags, System.Object, Int32[], System.Runtime.Remoting.Proxies.MessageData ByRef)

当前时间：2019/6/3 14:58:57
异常信息：端口“COM3”不存在。
异常对象：System
调用堆栈：
在 System.IO.Ports.InternalResources.WinIOError(Int32 errorCode, String str)
   在 System.IO.Ports.SerialStream..ctor(String portName, Int32 baudRate, Parity parity, Int32 dataBits, StopBits stopBits, Int32 readTimeout, Int32 writeTimeout, Handshake handshake, Boolean dtrEnable, Boolean rtsEnable, Boolean discardNull, Byte parityReplace)
   在 System.IO.Ports.SerialPort.Open()
   在 DALSA.SaperaLT.Demos.NET.CSharp.MultiBoardSyncGrabDemo.MultiBoardSyncGrabDemoDlg.MultiBoardSyncGrabDemoDlg_Load(Object sender, EventArgs e) 位置 C:\Users\Administrator\Desktop\东蒙190602\MultiBoardSyncGrabDemoDlg.cs:行号 3583
触发方法：Void WinIOError(Int32, System.String)

当前时间：2019/6/3 14:58:57
异常信息：给定的端口名称未以 COM/com 开头或未解析为有效的串行端口。
参数名: portName
异常对象：System
调用堆栈：
在 System.IO.Ports.SerialStream..ctor(String portName, Int32 baudRate, Parity parity, Int32 dataBits, StopBits stopBits, Int32 readTimeout, Int32 writeTimeout, Handshake handshake, Boolean dtrEnable, Boolean rtsEnable, Boolean discardNull, Byte parityReplace)
   在 System.IO.Ports.SerialPort.Open()
   在 DALSA.SaperaLT.Demos.NET.CSharp.MultiBoardSyncGrabDemo.MultiBoardSyncGrabDemoDlg.MultiBoardSyncGrabDemoDlg_Load(Object sender, EventArgs e) 位置 C:\Users\Administrator\Desktop\东蒙190602\MultiBoardSyncGrabDemoDlg.cs:行号 3592
触发方法：Void .ctor(System.String, Int32, System.IO.Ports.Parity, Int32, System.IO.Ports.StopBits, Int32, Int32, System.IO.Ports.Handshake, Boolean, Boolean, Boolean, Byte)

当前时间：2019/6/3 14:58:57
异常信息：给定的端口名称未以 COM/com 开头或未解析为有效的串行端口。
参数名: portName
异常对象：System
调用堆栈：
在 System.IO.Ports.SerialStream..ctor(String portName, Int32 baudRate, Parity parity, Int32 dataBits, StopBits stopBits, Int32 readTimeout, Int32 writeTimeout, Handshake handshake, Boolean dtrEnable, Boolean rtsEnable, Boolean discardNull, Byte parityReplace)
   在 System.IO.Ports.SerialPort.Open()
   在 DALSA.SaperaLT.Demos.NET.CSharp.MultiBoardSyncGrabDemo.MultiBoardSyncGrabDemoDlg.MultiBoardSyncGrabDemoDlg_Load(Object sender, EventArgs e) 位置 C:\Users\Administrator\Desktop\东蒙190602\MultiBoardSyncGrabDemoDlg.cs:行号 3601
触发方法：Void .ctor(System.String, Int32, System.IO.Ports.Parity, Int32, System.IO.Ports.StopBits, Int32, Int32, System.IO.Ports.Handshake, Boolean, Boolean, Boolean, Byte)

当前时间：2019/6/3 15:01:18
异常信息：You have an error in your SQL syntax; check the manual that corresponds to your MySQL server version for the right syntax to use near 'jpg' where  ClothNumber=2019051603' at line 1
异常对象：MySql.Data
调用堆栈：
在 MySql.Data.MySqlClient.MySqlStream.ReadPacket()
   在 MySql.Data.MySqlClient.NativeDriver.GetResult(Int32& affectedRow, Int64& insertedId)
   在 MySql.Data.MySqlClient.Driver.NextResult(Int32 statementId, Boolean force)
   在 MySql.Data.MySqlClient.MySqlDataReader.NextResult()
   在 MySql.Data.MySqlClient.MySqlCommand.ExecuteReader(CommandBehavior behavior)
   在 MySql.Data.MySqlClient.MySqlCommand.ExecuteNonQuery()
   在 DALSA.SaperaLT.Demos.NET.CSharp.MultiBoardSyncGrabDemo.MultiBoardSyncGrabDemoDlg.ExecuteBatchSql(List`1 SQLStringList) 位置 C:\Users\Administrator\Desktop\东蒙190602\MultiBoardSyncGrabDemoDlg.cs:行号 4573
触发方法：MySql.Data.MySqlClient.MySqlPacket ReadPacket()

当前时间：2019/6/3 15:01:19
异常信息：Index out of range
异常对象：halcondotnet
调用堆栈：
在 HalconDotNet.HTuple.get_Item(Int32 index)
   在 DALSA.SaperaLT.Demos.NET.CSharp.MultiBoardSyncGrabDemo.MultiBoardSyncGrabDemoDlg.WriteDefectInfoToSQLOnline(HTuple hv_tupleDefectX, HTuple hv_tupleDefectClass, HTuple hv_defectNumber, HTuple hv_tupleDefectY) 位置 C:\Users\Administrator\Desktop\东蒙190602\MultiBoardSyncGrabDemoDlg.cs:行号 719
   在 DALSA.SaperaLT.Demos.NET.CSharp.MultiBoardSyncGrabDemo.MultiBoardSyncGrabDemoDlg.halcon_Click(Object sender, EventArgs e) 位置 C:\Users\Administrator\Desktop\东蒙190602\MultiBoardSyncGrabDemoDlg.cs:行号 4014
触发方法：HalconDotNet.HTupleElements get_Item(Int32)

当前时间：2019/6/3 15:02:10
异常信息：Column count doesn't match value count at row 1
异常对象：MySql.Data
调用堆栈：
在 MySql.Data.MySqlClient.MySqlStream.ReadPacket()
   在 MySql.Data.MySqlClient.NativeDriver.GetResult(Int32& affectedRow, Int64& insertedId)
   在 MySql.Data.MySqlClient.Driver.NextResult(Int32 statementId, Boolean force)
   在 MySql.Data.MySqlClient.MySqlDataReader.NextResult()
   在 MySql.Data.MySqlClient.MySqlCommand.ExecuteReader(CommandBehavior behavior)
   在 MySql.Data.MySqlClient.MySqlCommand.ExecuteNonQuery()
   在 DALSA.SaperaLT.Demos.NET.CSharp.MultiBoardSyncGrabDemo.MultiBoardSyncGrabDemoDlg.ExecuteBatchSql(List`1 SQLStringList) 位置 C:\Users\Administrator\Desktop\东蒙190602\MultiBoardSyncGrabDemoDlg.cs:行号 4573
触发方法：MySql.Data.MySqlClient.MySqlPacket ReadPacket()

当前时间：2019/6/3 15:02:10
异常信息：You have an error in your SQL syntax; check the manual that corresponds to your MySQL server version for the right syntax to use near '' at line 1
异常对象：MySql.Data
调用堆栈：
在 MySql.Data.MySqlClient.MySqlStream.ReadPacket()
   在 MySql.Data.MySqlClient.NativeDriver.GetResult(Int32& affectedRow, Int64& insertedId)
   在 MySql.Data.MySqlClient.Driver.NextResult(Int32 statementId, Boolean force)
   在 MySql.Data.MySqlClient.MySqlDataReader.NextResult()
   在 MySql.Data.MySqlClient.MySqlCommand.ExecuteReader(CommandBehavior behavior)
   在 MySql.Data.MySqlClient.MySqlCommand.ExecuteNonQuery()
   在 DALSA.SaperaLT.Demos.NET.CSharp.MultiBoardSyncGrabDemo.MultiBoardSyncGrabDemoDlg.ExecuteBatchSql(List`1 SQLStringList) 位置 C:\Users\Administrator\Desktop\东蒙190602\MultiBoardSyncGrabDemoDlg.cs:行号 4573
触发方法：MySql.Data.MySqlClient.MySqlPacket ReadPacket()

当前时间：2019/6/3 15:02:10
异常信息：You have an error in your SQL syntax; check the manual that corresponds to your MySQL server version for the right syntax to use near '' at line 1
异常对象：MySql.Data
调用堆栈：
在 MySql.Data.MySqlClient.MySqlStream.ReadPacket()
   在 MySql.Data.MySqlClient.NativeDriver.GetResult(Int32& affectedRow, Int64& insertedId)
   在 MySql.Data.MySqlClient.Driver.NextResult(Int32 statementId, Boolean force)
   在 MySql.Data.MySqlClient.MySqlDataReader.NextResult()
   在 MySql.Data.MySqlClient.MySqlCommand.ExecuteReader(CommandBehavior behavior)
   在 MySql.Data.MySqlClient.MySqlCommand.ExecuteNonQuery()
   在 DALSA.SaperaLT.Demos.NET.CSharp.MultiBoardSyncGrabDemo.MultiBoardSyncGrabDemoDlg.ExecuteBatchSql(List`1 SQLStringList) 位置 C:\Users\Administrator\Desktop\东蒙190602\MultiBoardSyncGrabDemoDlg.cs:行号 4573
触发方法：MySql.Data.MySqlClient.MySqlPacket ReadPacket()

当前时间：2019/6/3 17:09:32
异常信息：Operation time out.
Please check the camera power and its cable.
异常对象：XJaiLT400CL Control
调用堆栈：
在 System.RuntimeType.ForwardCallToInvokeMember(String memberName, BindingFlags flags, Object target, Int32[] aWrapperTypes, MessageData& msgData)
   在 XJaiLT400CLLib._DXJaiLT400CL.StartCommunication(Int32 nClass, Int32 nPort)
   在 AxXJaiLT400CLLib.AxXJaiLT400CL.StartCommunication(Int32 nClass, Int32 nPort)
   在 DALSA.SaperaLT.Demos.NET.CSharp.MultiBoardSyncGrabDemo.MultiBoardSyncGrabDemoDlg..ctor() 位置 C:\Users\Administrator\Desktop\东蒙190602\MultiBoardSyncGrabDemoDlg.cs:行号 1089
触发方法：System.Object ForwardCallToInvokeMember(System.String, System.Reflection.BindingFlags, System.Object, Int32[], System.Runtime.Remoting.Proxies.MessageData ByRef)

当前时间：2019/6/3 17:09:33
异常信息：端口“COM3”不存在。
异常对象：System
调用堆栈：
在 System.IO.Ports.InternalResources.WinIOError(Int32 errorCode, String str)
   在 System.IO.Ports.SerialStream..ctor(String portName, Int32 baudRate, Parity parity, Int32 dataBits, StopBits stopBits, Int32 readTimeout, Int32 writeTimeout, Handshake handshake, Boolean dtrEnable, Boolean rtsEnable, Boolean discardNull, Byte parityReplace)
   在 System.IO.Ports.SerialPort.Open()
   在 DALSA.SaperaLT.Demos.NET.CSharp.MultiBoardSyncGrabDemo.MultiBoardSyncGrabDemoDlg.MultiBoardSyncGrabDemoDlg_Load(Object sender, EventArgs e) 位置 C:\Users\Administrator\Desktop\东蒙190602\MultiBoardSyncGrabDemoDlg.cs:行号 3581
触发方法：Void WinIOError(Int32, System.String)

当前时间：2019/6/3 17:09:33
异常信息：给定的端口名称未以 COM/com 开头或未解析为有效的串行端口。
参数名: portName
异常对象：System
调用堆栈：
在 System.IO.Ports.SerialStream..ctor(String portName, Int32 baudRate, Parity parity, Int32 dataBits, StopBits stopBits, Int32 readTimeout, Int32 writeTimeout, Handshake handshake, Boolean dtrEnable, Boolean rtsEnable, Boolean discardNull, Byte parityReplace)
   在 System.IO.Ports.SerialPort.Open()
   在 DALSA.SaperaLT.Demos.NET.CSharp.MultiBoardSyncGrabDemo.MultiBoardSyncGrabDemoDlg.MultiBoardSyncGrabDemoDlg_Load(Object sender, EventArgs e) 位置 C:\Users\Administrator\Desktop\东蒙190602\MultiBoardSyncGrabDemoDlg.cs:行号 3590
触发方法：Void .ctor(System.String, Int32, System.IO.Ports.Parity, Int32, System.IO.Ports.StopBits, Int32, Int32, System.IO.Ports.Handshake, Boolean, Boolean, Boolean, Byte)

当前时间：2019/6/3 17:09:33
异常信息：给定的端口名称未以 COM/com 开头或未解析为有效的串行端口。
参数名: portName
异常对象：System
调用堆栈：
在 System.IO.Ports.SerialStream..ctor(String portName, Int32 baudRate, Parity parity, Int32 dataBits, StopBits stopBits, Int32 readTimeout, Int32 writeTimeout, Handshake handshake, Boolean dtrEnable, Boolean rtsEnable, Boolean discardNull, Byte parityReplace)
   在 System.IO.Ports.SerialPort.Open()
   在 DALSA.SaperaLT.Demos.NET.CSharp.MultiBoardSyncGrabDemo.MultiBoardSyncGrabDemoDlg.MultiBoardSyncGrabDemoDlg_Load(Object sender, EventArgs e) 位置 C:\Users\Administrator\Desktop\东蒙190602\MultiBoardSyncGrabDemoDlg.cs:行号 3599
触发方法：Void .ctor(System.String, Int32, System.IO.Ports.Parity, Int32, System.IO.Ports.StopBits, Int32, Int32, System.IO.Ports.Handshake, Boolean, Boolean, Boolean, Byte)

当前时间：2019/6/3 18:56:56
异常信息：Operation time out.
Please check the camera power and its cable.
异常对象：XJaiLT400CL Control
调用堆栈：
在 System.RuntimeType.ForwardCallToInvokeMember(String memberName, BindingFlags flags, Object target, Int32[] aWrapperTypes, MessageData& msgData)
   在 XJaiLT400CLLib._DXJaiLT400CL.StartCommunication(Int32 nClass, Int32 nPort)
   在 AxXJaiLT400CLLib.AxXJaiLT400CL.StartCommunication(Int32 nClass, Int32 nPort)
   在 DALSA.SaperaLT.Demos.NET.CSharp.MultiBoardSyncGrabDemo.MultiBoardSyncGrabDemoDlg..ctor() 位置 C:\Users\Administrator\Desktop\东蒙190602\MultiBoardSyncGrabDemoDlg.cs:行号 1097
触发方法：System.Object ForwardCallToInvokeMember(System.String, System.Reflection.BindingFlags, System.Object, Int32[], System.Runtime.Remoting.Proxies.MessageData ByRef)

当前时间：2019/6/3 18:56:57
异常信息：端口“COM3”不存在。
异常对象：System
调用堆栈：
在 System.IO.Ports.InternalResources.WinIOError(Int32 errorCode, String str)
   在 System.IO.Ports.SerialStream..ctor(String portName, Int32 baudRate, Parity parity, Int32 dataBits, StopBits stopBits, Int32 readTimeout, Int32 writeTimeout, Handshake handshake, Boolean dtrEnable, Boolean rtsEnable, Boolean discardNull, Byte parityReplace)
   在 System.IO.Ports.SerialPort.Open()
   在 DALSA.SaperaLT.Demos.NET.CSharp.MultiBoardSyncGrabDemo.MultiBoardSyncGrabDemoDlg.MultiBoardSyncGrabDemoDlg_Load(Object sender, EventArgs e) 位置 C:\Users\Administrator\Desktop\东蒙190602\MultiBoardSyncGrabDemoDlg.cs:行号 3589
触发方法：Void WinIOError(Int32, System.String)

当前时间：2019/6/3 18:56:57
异常信息：给定的端口名称未以 COM/com 开头或未解析为有效的串行端口。
参数名: portName
异常对象：System
调用堆栈：
在 System.IO.Ports.SerialStream..ctor(String portName, Int32 baudRate, Parity parity, Int32 dataBits, StopBits stopBits, Int32 readTimeout, Int32 writeTimeout, Handshake handshake, Boolean dtrEnable, Boolean rtsEnable, Boolean discardNull, Byte parityReplace)
   在 System.IO.Ports.SerialPort.Open()
   在 DALSA.SaperaLT.Demos.NET.CSharp.MultiBoardSyncGrabDemo.MultiBoardSyncGrabDemoDlg.MultiBoardSyncGrabDemoDlg_Load(Object sender, EventArgs e) 位置 C:\Users\Administrator\Desktop\东蒙190602\MultiBoardSyncGrabDemoDlg.cs:行号 3598
触发方法：Void .ctor(System.String, Int32, System.IO.Ports.Parity, Int32, System.IO.Ports.StopBits, Int32, Int32, System.IO.Ports.Handshake, Boolean, Boolean, Boolean, Byte)

当前时间：2019/6/3 18:56:57
异常信息：给定的端口名称未以 COM/com 开头或未解析为有效的串行端口。
参数名: portName
异常对象：System
调用堆栈：
在 System.IO.Ports.SerialStream..ctor(String portName, Int32 baudRate, Parity parity, Int32 dataBits, StopBits stopBits, Int32 readTimeout, Int32 writeTimeout, Handshake handshake, Boolean dtrEnable, Boolean rtsEnable, Boolean discardNull, Byte parityReplace)
   在 System.IO.Ports.SerialPort.Open()
   在 DALSA.SaperaLT.Demos.NET.CSharp.MultiBoardSyncGrabDemo.MultiBoardSyncGrabDemoDlg.MultiBoardSyncGrabDemoDlg_Load(Object sender, EventArgs e) 位置 C:\Users\Administrator\Desktop\东蒙190602\MultiBoardSyncGrabDemoDlg.cs:行号 3607
触发方法：Void .ctor(System.String, Int32, System.IO.Ports.Parity, Int32, System.IO.Ports.StopBits, Int32, Int32, System.IO.Ports.Handshake, Boolean, Boolean, Boolean, Byte)

当前时间：2019/6/3 18:58:07
异常信息：HALCON error #1304: Wrong value of control parameter 4 in operator gen_rectangle1
异常对象：halcondotnet
调用堆栈：
在 HalconDotNet.HOperatorException.throwOperator(Int32 err, Int32 procIndex)
   在 HalconDotNet.HalconAPI.PostCall(IntPtr proc, Int32 procResult)
   在 HalconDotNet.HOperatorSet.GenRectangle1(HObject& rectangle, HTuple row1, HTuple column1, HTuple row2, HTuple column2)
   在 DALSA.SaperaLT.Demos.NET.CSharp.MultiBoardSyncGrabDemo.MultiBoardSyncGrabDemoDlg.get_defect_aberration(HObject ho_Image, HObject& ho_ImageWithDefect, HTuple hv_windowHandle, HTuple hv_standardTupleL, HTuple hv_standardTupleA, HTuple hv_standardTupleB, HTuple& hv_clothAberration, HTuple& hv_L, HTuple& hv_A, HTuple& hv_B, HTuple& hv_result, HTuple& hv_tupleDetectResult, HTuple& hv_defectNumber, HTuple& hv_tupleDefectClass, HTuple& hv_tupleDefectX, HTuple& hv_tupleDefectY, HTuple& hv_tupleDefectRow1, HTuple& hv_tupleDefectRow2, HTuple& hv_tupleDefectColumn1, HTuple& hv_tupleDefectColumn2, HTuple& hv_minWidth, HTuple& hv_maxWidth, HTuple& hv_meanWidth, HTuple& hv_metersCounter, HTuple& hv_tupleMessages, HTuple& hv_tupleMessagesColor, HTuple& hv_leftDetectSide, HTuple& hv_rightDetectSide) 位置 C:\Users\Administrator\Desktop\东蒙190602\MultiBoardSyncGrabDemoDlg.cs:行号 5441
触发方法：Void throwOperator(Int32, Int32)

当前时间：2019/6/3 18:58:07
异常信息：HALCON error #1304: Wrong value of control parameter 4 in operator gen_rectangle1
异常对象：halcondotnet
调用堆栈：
在 DALSA.SaperaLT.Demos.NET.CSharp.MultiBoardSyncGrabDemo.MultiBoardSyncGrabDemoDlg.get_defect_aberration(HObject ho_Image, HObject& ho_ImageWithDefect, HTuple hv_windowHandle, HTuple hv_standardTupleL, HTuple hv_standardTupleA, HTuple hv_standardTupleB, HTuple& hv_clothAberration, HTuple& hv_L, HTuple& hv_A, HTuple& hv_B, HTuple& hv_result, HTuple& hv_tupleDetectResult, HTuple& hv_defectNumber, HTuple& hv_tupleDefectClass, HTuple& hv_tupleDefectX, HTuple& hv_tupleDefectY, HTuple& hv_tupleDefectRow1, HTuple& hv_tupleDefectRow2, HTuple& hv_tupleDefectColumn1, HTuple& hv_tupleDefectColumn2, HTuple& hv_minWidth, HTuple& hv_maxWidth, HTuple& hv_meanWidth, HTuple& hv_metersCounter, HTuple& hv_tupleMessages, HTuple& hv_tupleMessagesColor, HTuple& hv_leftDetectSide, HTuple& hv_rightDetectSide) 位置 C:\Users\Administrator\Desktop\东蒙190602\MultiBoardSyncGrabDemoDlg.cs:行号 7057
   在 DALSA.SaperaLT.Demos.NET.CSharp.MultiBoardSyncGrabDemo.MultiBoardSyncGrabDemoDlg.halcon_Click(Object sender, EventArgs e) 位置 C:\Users\Administrator\Desktop\东蒙190602\MultiBoardSyncGrabDemoDlg.cs:行号 3958
触发方法：Void throwOperator(Int32, Int32)

当前时间：2019/6/3 18:59:38
异常信息：You have an error in your SQL syntax; check the manual that corresponds to your MySQL server version for the right syntax to use near 'jpg' where  ClothNumber=201906030210' at line 1
异常对象：MySql.Data
调用堆栈：
在 MySql.Data.MySqlClient.MySqlStream.ReadPacket()
   在 MySql.Data.MySqlClient.NativeDriver.GetResult(Int32& affectedRow, Int64& insertedId)
   在 MySql.Data.MySqlClient.Driver.NextResult(Int32 statementId, Boolean force)
   在 MySql.Data.MySqlClient.MySqlDataReader.NextResult()
   在 MySql.Data.MySqlClient.MySqlCommand.ExecuteReader(CommandBehavior behavior)
   在 MySql.Data.MySqlClient.MySqlCommand.ExecuteNonQuery()
   在 DALSA.SaperaLT.Demos.NET.CSharp.MultiBoardSyncGrabDemo.MultiBoardSyncGrabDemoDlg.ExecuteBatchSql(List`1 SQLStringList) 位置 C:\Users\Administrator\Desktop\东蒙190602\MultiBoardSyncGrabDemoDlg.cs:行号 4579
触发方法：MySql.Data.MySqlClient.MySqlPacket ReadPacket()

当前时间：2019/6/3 18:59:38
异常信息：Index out of range
异常对象：halcondotnet
调用堆栈：
在 HalconDotNet.HTuple.get_Item(Int32 index)
   在 DALSA.SaperaLT.Demos.NET.CSharp.MultiBoardSyncGrabDemo.MultiBoardSyncGrabDemoDlg.WriteDefectInfoToSQLOnline(HTuple hv_tupleDefectX, HTuple hv_tupleDefectClass, HTuple hv_defectNumber, HTuple hv_tupleDefectY) 位置 C:\Users\Administrator\Desktop\东蒙190602\MultiBoardSyncGrabDemoDlg.cs:行号 725
   在 DALSA.SaperaLT.Demos.NET.CSharp.MultiBoardSyncGrabDemo.MultiBoardSyncGrabDemoDlg.halcon_Click(Object sender, EventArgs e) 位置 C:\Users\Administrator\Desktop\东蒙190602\MultiBoardSyncGrabDemoDlg.cs:行号 4020
触发方法：HalconDotNet.HTupleElements get_Item(Int32)

当前时间：2019/6/3 19:00:34
异常信息：Operation time out.
Please check the camera power and its cable.
异常对象：XJaiLT400CL Control
调用堆栈：
在 System.RuntimeType.ForwardCallToInvokeMember(String memberName, BindingFlags flags, Object target, Int32[] aWrapperTypes, MessageData& msgData)
   在 XJaiLT400CLLib._DXJaiLT400CL.StartCommunication(Int32 nClass, Int32 nPort)
   在 AxXJaiLT400CLLib.AxXJaiLT400CL.StartCommunication(Int32 nClass, Int32 nPort)
   在 DALSA.SaperaLT.Demos.NET.CSharp.MultiBoardSyncGrabDemo.MultiBoardSyncGrabDemoDlg..ctor() 位置 C:\Users\Administrator\Desktop\东蒙190602\MultiBoardSyncGrabDemoDlg.cs:行号 1097
触发方法：System.Object ForwardCallToInvokeMember(System.String, System.Reflection.BindingFlags, System.Object, Int32[], System.Runtime.Remoting.Proxies.MessageData ByRef)

当前时间：2019/6/3 19:00:34
异常信息：端口“COM3”不存在。
异常对象：System
调用堆栈：
在 System.IO.Ports.InternalResources.WinIOError(Int32 errorCode, String str)
   在 System.IO.Ports.SerialStream..ctor(String portName, Int32 baudRate, Parity parity, Int32 dataBits, StopBits stopBits, Int32 readTimeout, Int32 writeTimeout, Handshake handshake, Boolean dtrEnable, Boolean rtsEnable, Boolean discardNull, Byte parityReplace)
   在 System.IO.Ports.SerialPort.Open()
   在 DALSA.SaperaLT.Demos.NET.CSharp.MultiBoardSyncGrabDemo.MultiBoardSyncGrabDemoDlg.MultiBoardSyncGrabDemoDlg_Load(Object sender, EventArgs e) 位置 C:\Users\Administrator\Desktop\东蒙190602\MultiBoardSyncGrabDemoDlg.cs:行号 3589
触发方法：Void WinIOError(Int32, System.String)

当前时间：2019/6/3 19:00:34
异常信息：给定的端口名称未以 COM/com 开头或未解析为有效的串行端口。
参数名: portName
异常对象：System
调用堆栈：
在 System.IO.Ports.SerialStream..ctor(String portName, Int32 baudRate, Parity parity, Int32 dataBits, StopBits stopBits, Int32 readTimeout, Int32 writeTimeout, Handshake handshake, Boolean dtrEnable, Boolean rtsEnable, Boolean discardNull, Byte parityReplace)
   在 System.IO.Ports.SerialPort.Open()
   在 DALSA.SaperaLT.Demos.NET.CSharp.MultiBoardSyncGrabDemo.MultiBoardSyncGrabDemoDlg.MultiBoardSyncGrabDemoDlg_Load(Object sender, EventArgs e) 位置 C:\Users\Administrator\Desktop\东蒙190602\MultiBoardSyncGrabDemoDlg.cs:行号 3598
触发方法：Void .ctor(System.String, Int32, System.IO.Ports.Parity, Int32, System.IO.Ports.StopBits, Int32, Int32, System.IO.Ports.Handshake, Boolean, Boolean, Boolean, Byte)

当前时间：2019/6/3 19:00:34
异常信息：给定的端口名称未以 COM/com 开头或未解析为有效的串行端口。
参数名: portName
异常对象：System
调用堆栈：
在 System.IO.Ports.SerialStream..ctor(String portName, Int32 baudRate, Parity parity, Int32 dataBits, StopBits stopBits, Int32 readTimeout, Int32 writeTimeout, Handshake handshake, Boolean dtrEnable, Boolean rtsEnable, Boolean discardNull, Byte parityReplace)
   在 System.IO.Ports.SerialPort.Open()
   在 DALSA.SaperaLT.Demos.NET.CSharp.MultiBoardSyncGrabDemo.MultiBoardSyncGrabDemoDlg.MultiBoardSyncGrabDemoDlg_Load(Object sender, EventArgs e) 位置 C:\Users\Administrator\Desktop\东蒙190602\MultiBoardSyncGrabDemoDlg.cs:行号 3607
触发方法：Void .ctor(System.String, Int32, System.IO.Ports.Parity, Int32, System.IO.Ports.StopBits, Int32, Int32, System.IO.Ports.Handshake, Boolean, Boolean, Boolean, Byte)

当前时间：2019/6/3 19:02:13
异常信息：You have an error in your SQL syntax; check the manual that corresponds to your MySQL server version for the right syntax to use near 'jpg' where  ClothNumber=201906035959' at line 1
异常对象：MySql.Data
调用堆栈：
在 MySql.Data.MySqlClient.MySqlStream.ReadPacket()
   在 MySql.Data.MySqlClient.NativeDriver.GetResult(Int32& affectedRow, Int64& insertedId)
   在 MySql.Data.MySqlClient.Driver.NextResult(Int32 statementId, Boolean force)
   在 MySql.Data.MySqlClient.MySqlDataReader.NextResult()
   在 MySql.Data.MySqlClient.MySqlCommand.ExecuteReader(CommandBehavior behavior)
   在 MySql.Data.MySqlClient.MySqlCommand.ExecuteNonQuery()
   在 DALSA.SaperaLT.Demos.NET.CSharp.MultiBoardSyncGrabDemo.MultiBoardSyncGrabDemoDlg.ExecuteBatchSql(List`1 SQLStringList) 位置 C:\Users\Administrator\Desktop\东蒙190602\MultiBoardSyncGrabDemoDlg.cs:行号 4579
触发方法：MySql.Data.MySqlClient.MySqlPacket ReadPacket()

当前时间：2019/6/3 19:02:13
异常信息：Index out of range
异常对象：halcondotnet
调用堆栈：
在 HalconDotNet.HTuple.get_Item(Int32 index)
   在 DALSA.SaperaLT.Demos.NET.CSharp.MultiBoardSyncGrabDemo.MultiBoardSyncGrabDemoDlg.WriteDefectInfoToSQLOnline(HTuple hv_tupleDefectX, HTuple hv_tupleDefectClass, HTuple hv_defectNumber, HTuple hv_tupleDefectY) 位置 C:\Users\Administrator\Desktop\东蒙190602\MultiBoardSyncGrabDemoDlg.cs:行号 725
   在 DALSA.SaperaLT.Demos.NET.CSharp.MultiBoardSyncGrabDemo.MultiBoardSyncGrabDemoDlg.halcon_Click(Object sender, EventArgs e) 位置 C:\Users\Administrator\Desktop\东蒙190602\MultiBoardSyncGrabDemoDlg.cs:行号 4020
触发方法：HalconDotNet.HTupleElements get_Item(Int32)

当前时间：2019/6/3 19:08:20
异常信息：Operation time out.
Please check the camera power and its cable.
异常对象：XJaiLT400CL Control
调用堆栈：
在 System.RuntimeType.ForwardCallToInvokeMember(String memberName, BindingFlags flags, Object target, Int32[] aWrapperTypes, MessageData& msgData)
   在 XJaiLT400CLLib._DXJaiLT400CL.StartCommunication(Int32 nClass, Int32 nPort)
   在 AxXJaiLT400CLLib.AxXJaiLT400CL.StartCommunication(Int32 nClass, Int32 nPort)
   在 DALSA.SaperaLT.Demos.NET.CSharp.MultiBoardSyncGrabDemo.MultiBoardSyncGrabDemoDlg..ctor() 位置 C:\Users\Administrator\Desktop\东蒙190602\MultiBoardSyncGrabDemoDlg.cs:行号 1097
触发方法：System.Object ForwardCallToInvokeMember(System.String, System.Reflection.BindingFlags, System.Object, Int32[], System.Runtime.Remoting.Proxies.MessageData ByRef)

当前时间：2019/6/3 19:08:20
异常信息：端口“COM3”不存在。
异常对象：System
调用堆栈：
在 System.IO.Ports.InternalResources.WinIOError(Int32 errorCode, String str)
   在 System.IO.Ports.SerialStream..ctor(String portName, Int32 baudRate, Parity parity, Int32 dataBits, StopBits stopBits, Int32 readTimeout, Int32 writeTimeout, Handshake handshake, Boolean dtrEnable, Boolean rtsEnable, Boolean discardNull, Byte parityReplace)
   在 System.IO.Ports.SerialPort.Open()
   在 DALSA.SaperaLT.Demos.NET.CSharp.MultiBoardSyncGrabDemo.MultiBoardSyncGrabDemoDlg.MultiBoardSyncGrabDemoDlg_Load(Object sender, EventArgs e) 位置 C:\Users\Administrator\Desktop\东蒙190602\MultiBoardSyncGrabDemoDlg.cs:行号 3589
触发方法：Void WinIOError(Int32, System.String)

当前时间：2019/6/3 19:08:20
异常信息：给定的端口名称未以 COM/com 开头或未解析为有效的串行端口。
参数名: portName
异常对象：System
调用堆栈：
在 System.IO.Ports.SerialStream..ctor(String portName, Int32 baudRate, Parity parity, Int32 dataBits, StopBits stopBits, Int32 readTimeout, Int32 writeTimeout, Handshake handshake, Boolean dtrEnable, Boolean rtsEnable, Boolean discardNull, Byte parityReplace)
   在 System.IO.Ports.SerialPort.Open()
   在 DALSA.SaperaLT.Demos.NET.CSharp.MultiBoardSyncGrabDemo.MultiBoardSyncGrabDemoDlg.MultiBoardSyncGrabDemoDlg_Load(Object sender, EventArgs e) 位置 C:\Users\Administrator\Desktop\东蒙190602\MultiBoardSyncGrabDemoDlg.cs:行号 3598
触发方法：Void .ctor(System.String, Int32, System.IO.Ports.Parity, Int32, System.IO.Ports.StopBits, Int32, Int32, System.IO.Ports.Handshake, Boolean, Boolean, Boolean, Byte)

当前时间：2019/6/3 19:08:20
异常信息：给定的端口名称未以 COM/com 开头或未解析为有效的串行端口。
参数名: portName
异常对象：System
调用堆栈：
在 System.IO.Ports.SerialStream..ctor(String portName, Int32 baudRate, Parity parity, Int32 dataBits, StopBits stopBits, Int32 readTimeout, Int32 writeTimeout, Handshake handshake, Boolean dtrEnable, Boolean rtsEnable, Boolean discardNull, Byte parityReplace)
   在 System.IO.Ports.SerialPort.Open()
   在 DALSA.SaperaLT.Demos.NET.CSharp.MultiBoardSyncGrabDemo.MultiBoardSyncGrabDemoDlg.MultiBoardSyncGrabDemoDlg_Load(Object sender, EventArgs e) 位置 C:\Users\Administrator\Desktop\东蒙190602\MultiBoardSyncGrabDemoDlg.cs:行号 3607
触发方法：Void .ctor(System.String, Int32, System.IO.Ports.Parity, Int32, System.IO.Ports.StopBits, Int32, Int32, System.IO.Ports.Handshake, Boolean, Boolean, Boolean, Byte)

当前时间：2019/6/3 19:09:53
异常信息：Duplicate entry '201906035959' for key 'PRIMARY'
异常对象：MySql.Data
调用堆栈：
在 MySql.Data.MySqlClient.MySqlStream.ReadPacket()
   在 MySql.Data.MySqlClient.NativeDriver.GetResult(Int32& affectedRow, Int64& insertedId)
   在 MySql.Data.MySqlClient.Driver.NextResult(Int32 statementId, Boolean force)
   在 MySql.Data.MySqlClient.MySqlDataReader.NextResult()
   在 MySql.Data.MySqlClient.MySqlCommand.ExecuteReader(CommandBehavior behavior)
   在 MySql.Data.MySqlClient.MySqlCommand.ExecuteNonQuery()
   在 DALSA.SaperaLT.Demos.NET.CSharp.MultiBoardSyncGrabDemo.MultiBoardSyncGrabDemoDlg.ExecuteBatchSql(List`1 SQLStringList) 位置 C:\Users\Administrator\Desktop\东蒙190602\MultiBoardSyncGrabDemoDlg.cs:行号 4579
触发方法：MySql.Data.MySqlClient.MySqlPacket ReadPacket()

当前时间：2019/6/3 19:09:53
异常信息：You have an error in your SQL syntax; check the manual that corresponds to your MySQL server version for the right syntax to use near 'jpg' where  ClothNumber=201906035959' at line 1
异常对象：MySql.Data
调用堆栈：
在 MySql.Data.MySqlClient.MySqlStream.ReadPacket()
   在 MySql.Data.MySqlClient.NativeDriver.GetResult(Int32& affectedRow, Int64& insertedId)
   在 MySql.Data.MySqlClient.Driver.NextResult(Int32 statementId, Boolean force)
   在 MySql.Data.MySqlClient.MySqlDataReader.NextResult()
   在 MySql.Data.MySqlClient.MySqlCommand.ExecuteReader(CommandBehavior behavior)
   在 MySql.Data.MySqlClient.MySqlCommand.ExecuteNonQuery()
   在 DALSA.SaperaLT.Demos.NET.CSharp.MultiBoardSyncGrabDemo.MultiBoardSyncGrabDemoDlg.ExecuteBatchSql(List`1 SQLStringList) 位置 C:\Users\Administrator\Desktop\东蒙190602\MultiBoardSyncGrabDemoDlg.cs:行号 4579
触发方法：MySql.Data.MySqlClient.MySqlPacket ReadPacket()

当前时间：2019/6/3 19:09:53
异常信息：Index out of range
异常对象：halcondotnet
调用堆栈：
在 HalconDotNet.HTuple.get_Item(Int32 index)
   在 DALSA.SaperaLT.Demos.NET.CSharp.MultiBoardSyncGrabDemo.MultiBoardSyncGrabDemoDlg.WriteDefectInfoToSQLOnline(HTuple hv_tupleDefectX, HTuple hv_tupleDefectClass, HTuple hv_defectNumber, HTuple hv_tupleDefectY) 位置 C:\Users\Administrator\Desktop\东蒙190602\MultiBoardSyncGrabDemoDlg.cs:行号 725
   在 DALSA.SaperaLT.Demos.NET.CSharp.MultiBoardSyncGrabDemo.MultiBoardSyncGrabDemoDlg.halcon_Click(Object sender, EventArgs e) 位置 C:\Users\Administrator\Desktop\东蒙190602\MultiBoardSyncGrabDemoDlg.cs:行号 4020
触发方法：HalconDotNet.HTupleElements get_Item(Int32)

当前时间：2019/6/3 19:11:56
异常信息：Operation time out.
Please check the camera power and its cable.
异常对象：XJaiLT400CL Control
调用堆栈：
在 System.RuntimeType.ForwardCallToInvokeMember(String memberName, BindingFlags flags, Object target, Int32[] aWrapperTypes, MessageData& msgData)
   在 XJaiLT400CLLib._DXJaiLT400CL.StartCommunication(Int32 nClass, Int32 nPort)
   在 AxXJaiLT400CLLib.AxXJaiLT400CL.StartCommunication(Int32 nClass, Int32 nPort)
   在 DALSA.SaperaLT.Demos.NET.CSharp.MultiBoardSyncGrabDemo.MultiBoardSyncGrabDemoDlg..ctor() 位置 C:\Users\Administrator\Desktop\东蒙190602\MultiBoardSyncGrabDemoDlg.cs:行号 1097
触发方法：System.Object ForwardCallToInvokeMember(System.String, System.Reflection.BindingFlags, System.Object, Int32[], System.Runtime.Remoting.Proxies.MessageData ByRef)

当前时间：2019/6/3 19:11:57
异常信息：端口“COM3”不存在。
异常对象：System
调用堆栈：
在 System.IO.Ports.InternalResources.WinIOError(Int32 errorCode, String str)
   在 System.IO.Ports.SerialStream..ctor(String portName, Int32 baudRate, Parity parity, Int32 dataBits, StopBits stopBits, Int32 readTimeout, Int32 writeTimeout, Handshake handshake, Boolean dtrEnable, Boolean rtsEnable, Boolean discardNull, Byte parityReplace)
   在 System.IO.Ports.SerialPort.Open()
   在 DALSA.SaperaLT.Demos.NET.CSharp.MultiBoardSyncGrabDemo.MultiBoardSyncGrabDemoDlg.MultiBoardSyncGrabDemoDlg_Load(Object sender, EventArgs e) 位置 C:\Users\Administrator\Desktop\东蒙190602\MultiBoardSyncGrabDemoDlg.cs:行号 3589
触发方法：Void WinIOError(Int32, System.String)

当前时间：2019/6/3 19:11:57
异常信息：给定的端口名称未以 COM/com 开头或未解析为有效的串行端口。
参数名: portName
异常对象：System
调用堆栈：
在 System.IO.Ports.SerialStream..ctor(String portName, Int32 baudRate, Parity parity, Int32 dataBits, StopBits stopBits, Int32 readTimeout, Int32 writeTimeout, Handshake handshake, Boolean dtrEnable, Boolean rtsEnable, Boolean discardNull, Byte parityReplace)
   在 System.IO.Ports.SerialPort.Open()
   在 DALSA.SaperaLT.Demos.NET.CSharp.MultiBoardSyncGrabDemo.MultiBoardSyncGrabDemoDlg.MultiBoardSyncGrabDemoDlg_Load(Object sender, EventArgs e) 位置 C:\Users\Administrator\Desktop\东蒙190602\MultiBoardSyncGrabDemoDlg.cs:行号 3598
触发方法：Void .ctor(System.String, Int32, System.IO.Ports.Parity, Int32, System.IO.Ports.StopBits, Int32, Int32, System.IO.Ports.Handshake, Boolean, Boolean, Boolean, Byte)

当前时间：2019/6/3 19:11:57
异常信息：给定的端口名称未以 COM/com 开头或未解析为有效的串行端口。
参数名: portName
异常对象：System
调用堆栈：
在 System.IO.Ports.SerialStream..ctor(String portName, Int32 baudRate, Parity parity, Int32 dataBits, StopBits stopBits, Int32 readTimeout, Int32 writeTimeout, Handshake handshake, Boolean dtrEnable, Boolean rtsEnable, Boolean discardNull, Byte parityReplace)
   在 System.IO.Ports.SerialPort.Open()
   在 DALSA.SaperaLT.Demos.NET.CSharp.MultiBoardSyncGrabDemo.MultiBoardSyncGrabDemoDlg.MultiBoardSyncGrabDemoDlg_Load(Object sender, EventArgs e) 位置 C:\Users\Administrator\Desktop\东蒙190602\MultiBoardSyncGrabDemoDlg.cs:行号 3607
触发方法：Void .ctor(System.String, Int32, System.IO.Ports.Parity, Int32, System.IO.Ports.StopBits, Int32, Int32, System.IO.Ports.Handshake, Boolean, Boolean, Boolean, Byte)

当前时间：2019/6/3 19:14:38
异常信息：Duplicate entry '201906035959' for key 'PRIMARY'
异常对象：MySql.Data
调用堆栈：
在 MySql.Data.MySqlClient.MySqlStream.ReadPacket()
   在 MySql.Data.MySqlClient.NativeDriver.GetResult(Int32& affectedRow, Int64& insertedId)
   在 MySql.Data.MySqlClient.Driver.NextResult(Int32 statementId, Boolean force)
   在 MySql.Data.MySqlClient.MySqlDataReader.NextResult()
   在 MySql.Data.MySqlClient.MySqlCommand.ExecuteReader(CommandBehavior behavior)
   在 MySql.Data.MySqlClient.MySqlCommand.ExecuteNonQuery()
   在 DALSA.SaperaLT.Demos.NET.CSharp.MultiBoardSyncGrabDemo.MultiBoardSyncGrabDemoDlg.ExecuteBatchSql(List`1 SQLStringList) 位置 C:\Users\Administrator\Desktop\东蒙190602\MultiBoardSyncGrabDemoDlg.cs:行号 4579
触发方法：MySql.Data.MySqlClient.MySqlPacket ReadPacket()

当前时间：2019/6/3 19:14:38
异常信息：You have an error in your SQL syntax; check the manual that corresponds to your MySQL server version for the right syntax to use near 'jpg' where  ClothNumber=201906035959' at line 1
异常对象：MySql.Data
调用堆栈：
在 MySql.Data.MySqlClient.MySqlStream.ReadPacket()
   在 MySql.Data.MySqlClient.NativeDriver.GetResult(Int32& affectedRow, Int64& insertedId)
   在 MySql.Data.MySqlClient.Driver.NextResult(Int32 statementId, Boolean force)
   在 MySql.Data.MySqlClient.MySqlDataReader.NextResult()
   在 MySql.Data.MySqlClient.MySqlCommand.ExecuteReader(CommandBehavior behavior)
   在 MySql.Data.MySqlClient.MySqlCommand.ExecuteNonQuery()
   在 DALSA.SaperaLT.Demos.NET.CSharp.MultiBoardSyncGrabDemo.MultiBoardSyncGrabDemoDlg.ExecuteBatchSql(List`1 SQLStringList) 位置 C:\Users\Administrator\Desktop\东蒙190602\MultiBoardSyncGrabDemoDlg.cs:行号 4579
触发方法：MySql.Data.MySqlClient.MySqlPacket ReadPacket()

当前时间：2019/6/3 19:14:38
异常信息：Index out of range
异常对象：halcondotnet
调用堆栈：
在 HalconDotNet.HTuple.get_Item(Int32 index)
   在 DALSA.SaperaLT.Demos.NET.CSharp.MultiBoardSyncGrabDemo.MultiBoardSyncGrabDemoDlg.WriteDefectInfoToSQLOnline(HTuple hv_tupleDefectX, HTuple hv_tupleDefectClass, HTuple hv_defectNumber, HTuple hv_tupleDefectY) 位置 C:\Users\Administrator\Desktop\东蒙190602\MultiBoardSyncGrabDemoDlg.cs:行号 725
   在 DALSA.SaperaLT.Demos.NET.CSharp.MultiBoardSyncGrabDemo.MultiBoardSyncGrabDemoDlg.halcon_Click(Object sender, EventArgs e) 位置 C:\Users\Administrator\Desktop\东蒙190602\MultiBoardSyncGrabDemoDlg.cs:行号 4020
触发方法：HalconDotNet.HTupleElements get_Item(Int32)

